2018-07-24 21:13:18.445 [http-nio-8080-exec-3]    ERROR c.y.s.c.TransferAccountController - 今日金额少于1元:
2018-07-24 21:13:18.645 [http-nio-8080-exec-3]    ERROR c.y.s.c.TransferAccountController - 今日金额少于1元:
2018-07-24 21:13:18.842 [http-nio-8080-exec-3]    ERROR c.y.s.c.TransferAccountController - 今日金额少于1元:
2018-07-24 21:13:19.030 [http-nio-8080-exec-3]    ERROR c.y.s.c.TransferAccountController - 今日金额少于1元:
2018-07-24 21:13:19.232 [http-nio-8080-exec-3]    ERROR c.y.s.c.TransferAccountController - 今日金额少于1元:
2018-07-24 21:13:19.425 [http-nio-8080-exec-3]    ERROR c.y.s.c.TransferAccountController - 今日金额少于1元:
2018-07-24 21:13:19.622 [http-nio-8080-exec-3]    ERROR c.y.s.c.TransferAccountController - 今日金额少于1元:
2018-07-24 21:13:19.852 [http-nio-8080-exec-3]    ERROR c.y.s.c.TransferAccountController - 今日金额少于1元:
2018-07-24 21:13:20.167 [http-nio-8080-exec-3]    ERROR c.y.s.c.TransferAccountController - 今日金额少于1元:
2018-07-24 21:13:20.362 [http-nio-8080-exec-3]    ERROR c.y.s.c.TransferAccountController - 今日金额少于1元:
2018-07-24 21:13:20.572 [http-nio-8080-exec-3]    ERROR org.thymeleaf.TemplateEngine - [THYMELEAF][http-nio-8080-exec-3] Exception processing template "wxtrans/start": Error resolving template "wxtrans/start", template might not exist or might not be accessible by any of the configured Template Resolvers
org.thymeleaf.exceptions.TemplateInputException: Error resolving template "wxtrans/start", template might not exist or might not be accessible by any of the configured Template Resolvers
	at org.thymeleaf.engine.TemplateManager.resolveTemplate(TemplateManager.java:870)
	at org.thymeleaf.engine.TemplateManager.parseAndProcess(TemplateManager.java:607)
	at org.thymeleaf.TemplateEngine.process(TemplateEngine.java:1098)
	at org.thymeleaf.TemplateEngine.process(TemplateEngine.java:1072)
	at org.thymeleaf.spring5.view.ThymeleafView.renderFragment(ThymeleafView.java:354)
	at org.thymeleaf.spring5.view.ThymeleafView.render(ThymeleafView.java:187)
	at org.springframework.web.servlet.DispatcherServlet.render(DispatcherServlet.java:1325)
	at org.springframework.web.servlet.DispatcherServlet.processDispatchResult(DispatcherServlet.java:1069)
	at org.springframework.web.servlet.DispatcherServlet.doDispatch(DispatcherServlet.java:1008)
	at org.springframework.web.servlet.DispatcherServlet.doService(DispatcherServlet.java:925)
	at org.springframework.web.servlet.FrameworkServlet.processRequest(FrameworkServlet.java:978)
	at org.springframework.web.servlet.FrameworkServlet.doGet(FrameworkServlet.java:870)
	at javax.servlet.http.HttpServlet.service(HttpServlet.java:635)
	at org.springframework.web.servlet.FrameworkServlet.service(FrameworkServlet.java:855)
	at javax.servlet.http.HttpServlet.service(HttpServlet.java:742)
	at org.apache.catalina.core.ApplicationFilterChain.internalDoFilter(ApplicationFilterChain.java:231)
	at org.apache.catalina.core.ApplicationFilterChain.doFilter(ApplicationFilterChain.java:166)
	at org.apache.tomcat.websocket.server.WsFilter.doFilter(WsFilter.java:52)
	at org.apache.catalina.core.ApplicationFilterChain.internalDoFilter(ApplicationFilterChain.java:193)
	at org.apache.catalina.core.ApplicationFilterChain.doFilter(ApplicationFilterChain.java:166)
	at org.springframework.web.filter.RequestContextFilter.doFilterInternal(RequestContextFilter.java:99)
	at org.springframework.web.filter.OncePerRequestFilter.doFilter(OncePerRequestFilter.java:107)
	at org.apache.catalina.core.ApplicationFilterChain.internalDoFilter(ApplicationFilterChain.java:193)
	at org.apache.catalina.core.ApplicationFilterChain.doFilter(ApplicationFilterChain.java:166)
	at org.springframework.web.filter.HttpPutFormContentFilter.doFilterInternal(HttpPutFormContentFilter.java:109)
	at org.springframework.web.filter.OncePerRequestFilter.doFilter(OncePerRequestFilter.java:107)
	at org.apache.catalina.core.ApplicationFilterChain.internalDoFilter(ApplicationFilterChain.java:193)
	at org.apache.catalina.core.ApplicationFilterChain.doFilter(ApplicationFilterChain.java:166)
	at org.springframework.web.filter.HiddenHttpMethodFilter.doFilterInternal(HiddenHttpMethodFilter.java:81)
	at org.springframework.web.filter.OncePerRequestFilter.doFilter(OncePerRequestFilter.java:107)
	at org.apache.catalina.core.ApplicationFilterChain.internalDoFilter(ApplicationFilterChain.java:193)
	at org.apache.catalina.core.ApplicationFilterChain.doFilter(ApplicationFilterChain.java:166)
	at org.springframework.web.filter.CharacterEncodingFilter.doFilterInternal(CharacterEncodingFilter.java:200)
	at org.springframework.web.filter.OncePerRequestFilter.doFilter(OncePerRequestFilter.java:107)
	at org.apache.catalina.core.ApplicationFilterChain.internalDoFilter(ApplicationFilterChain.java:193)
	at org.apache.catalina.core.ApplicationFilterChain.doFilter(ApplicationFilterChain.java:166)
	at org.apache.catalina.core.StandardWrapperValve.invoke(StandardWrapperValve.java:199)
	at org.apache.catalina.core.StandardContextValve.invoke(StandardContextValve.java:96)
	at org.apache.catalina.authenticator.AuthenticatorBase.invoke(AuthenticatorBase.java:496)
	at org.apache.catalina.core.StandardHostValve.invoke(StandardHostValve.java:140)
	at org.apache.catalina.valves.ErrorReportValve.invoke(ErrorReportValve.java:81)
	at org.apache.catalina.core.StandardEngineValve.invoke(StandardEngineValve.java:87)
	at org.apache.catalina.connector.CoyoteAdapter.service(CoyoteAdapter.java:342)
	at org.apache.coyote.http11.Http11Processor.service(Http11Processor.java:803)
	at org.apache.coyote.AbstractProcessorLight.process(AbstractProcessorLight.java:66)
	at org.apache.coyote.AbstractProtocol$ConnectionHandler.process(AbstractProtocol.java:790)
	at org.apache.tomcat.util.net.NioEndpoint$SocketProcessor.doRun(NioEndpoint.java:1459)
	at org.apache.tomcat.util.net.SocketProcessorBase.run(SocketProcessorBase.java:49)
	at java.util.concurrent.ThreadPoolExecutor.runWorker(ThreadPoolExecutor.java:1142)
	at java.util.concurrent.ThreadPoolExecutor$Worker.run(ThreadPoolExecutor.java:617)
	at org.apache.tomcat.util.threads.TaskThread$WrappingRunnable.run(TaskThread.java:61)
	at java.lang.Thread.run(Thread.java:745)
2018-07-24 21:13:20.582 [http-nio-8080-exec-3]    ERROR o.a.c.c.C.[.[.[.[dispatcherServlet] - Servlet.service() for servlet [dispatcherServlet] in context with path [/sell] threw exception [Request processing failed; nested exception is org.thymeleaf.exceptions.TemplateInputException: Error resolving template "wxtrans/start", template might not exist or might not be accessible by any of the configured Template Resolvers] with root cause
org.thymeleaf.exceptions.TemplateInputException: Error resolving template "wxtrans/start", template might not exist or might not be accessible by any of the configured Template Resolvers
	at org.thymeleaf.engine.TemplateManager.resolveTemplate(TemplateManager.java:870)
	at org.thymeleaf.engine.TemplateManager.parseAndProcess(TemplateManager.java:607)
	at org.thymeleaf.TemplateEngine.process(TemplateEngine.java:1098)
	at org.thymeleaf.TemplateEngine.process(TemplateEngine.java:1072)
	at org.thymeleaf.spring5.view.ThymeleafView.renderFragment(ThymeleafView.java:354)
	at org.thymeleaf.spring5.view.ThymeleafView.render(ThymeleafView.java:187)
	at org.springframework.web.servlet.DispatcherServlet.render(DispatcherServlet.java:1325)
	at org.springframework.web.servlet.DispatcherServlet.processDispatchResult(DispatcherServlet.java:1069)
	at org.springframework.web.servlet.DispatcherServlet.doDispatch(DispatcherServlet.java:1008)
	at org.springframework.web.servlet.DispatcherServlet.doService(DispatcherServlet.java:925)
	at org.springframework.web.servlet.FrameworkServlet.processRequest(FrameworkServlet.java:978)
	at org.springframework.web.servlet.FrameworkServlet.doGet(FrameworkServlet.java:870)
	at javax.servlet.http.HttpServlet.service(HttpServlet.java:635)
	at org.springframework.web.servlet.FrameworkServlet.service(FrameworkServlet.java:855)
	at javax.servlet.http.HttpServlet.service(HttpServlet.java:742)
	at org.apache.catalina.core.ApplicationFilterChain.internalDoFilter(ApplicationFilterChain.java:231)
	at org.apache.catalina.core.ApplicationFilterChain.doFilter(ApplicationFilterChain.java:166)
	at org.apache.tomcat.websocket.server.WsFilter.doFilter(WsFilter.java:52)
	at org.apache.catalina.core.ApplicationFilterChain.internalDoFilter(ApplicationFilterChain.java:193)
	at org.apache.catalina.core.ApplicationFilterChain.doFilter(ApplicationFilterChain.java:166)
	at org.springframework.web.filter.RequestContextFilter.doFilterInternal(RequestContextFilter.java:99)
	at org.springframework.web.filter.OncePerRequestFilter.doFilter(OncePerRequestFilter.java:107)
	at org.apache.catalina.core.ApplicationFilterChain.internalDoFilter(ApplicationFilterChain.java:193)
	at org.apache.catalina.core.ApplicationFilterChain.doFilter(ApplicationFilterChain.java:166)
	at org.springframework.web.filter.HttpPutFormContentFilter.doFilterInternal(HttpPutFormContentFilter.java:109)
	at org.springframework.web.filter.OncePerRequestFilter.doFilter(OncePerRequestFilter.java:107)
	at org.apache.catalina.core.ApplicationFilterChain.internalDoFilter(ApplicationFilterChain.java:193)
	at org.apache.catalina.core.ApplicationFilterChain.doFilter(ApplicationFilterChain.java:166)
	at org.springframework.web.filter.HiddenHttpMethodFilter.doFilterInternal(HiddenHttpMethodFilter.java:81)
	at org.springframework.web.filter.OncePerRequestFilter.doFilter(OncePerRequestFilter.java:107)
	at org.apache.catalina.core.ApplicationFilterChain.internalDoFilter(ApplicationFilterChain.java:193)
	at org.apache.catalina.core.ApplicationFilterChain.doFilter(ApplicationFilterChain.java:166)
	at org.springframework.web.filter.CharacterEncodingFilter.doFilterInternal(CharacterEncodingFilter.java:200)
	at org.springframework.web.filter.OncePerRequestFilter.doFilter(OncePerRequestFilter.java:107)
	at org.apache.catalina.core.ApplicationFilterChain.internalDoFilter(ApplicationFilterChain.java:193)
	at org.apache.catalina.core.ApplicationFilterChain.doFilter(ApplicationFilterChain.java:166)
	at org.apache.catalina.core.StandardWrapperValve.invoke(StandardWrapperValve.java:199)
	at org.apache.catalina.core.StandardContextValve.invoke(StandardContextValve.java:96)
	at org.apache.catalina.authenticator.AuthenticatorBase.invoke(AuthenticatorBase.java:496)
	at org.apache.catalina.core.StandardHostValve.invoke(StandardHostValve.java:140)
	at org.apache.catalina.valves.ErrorReportValve.invoke(ErrorReportValve.java:81)
	at org.apache.catalina.core.StandardEngineValve.invoke(StandardEngineValve.java:87)
	at org.apache.catalina.connector.CoyoteAdapter.service(CoyoteAdapter.java:342)
	at org.apache.coyote.http11.Http11Processor.service(Http11Processor.java:803)
	at org.apache.coyote.AbstractProcessorLight.process(AbstractProcessorLight.java:66)
	at org.apache.coyote.AbstractProtocol$ConnectionHandler.process(AbstractProtocol.java:790)
	at org.apache.tomcat.util.net.NioEndpoint$SocketProcessor.doRun(NioEndpoint.java:1459)
	at org.apache.tomcat.util.net.SocketProcessorBase.run(SocketProcessorBase.java:49)
	at java.util.concurrent.ThreadPoolExecutor.runWorker(ThreadPoolExecutor.java:1142)
	at java.util.concurrent.ThreadPoolExecutor$Worker.run(ThreadPoolExecutor.java:617)
	at org.apache.tomcat.util.threads.TaskThread$WrappingRunnable.run(TaskThread.java:61)
	at java.lang.Thread.run(Thread.java:745)
2018-07-24 21:16:09.144 [http-nio-8080-exec-1]    ERROR c.y.s.c.TransferAccountController - 今日金额少于1元:
2018-07-24 21:16:09.344 [http-nio-8080-exec-1]    ERROR c.y.s.c.TransferAccountController - 今日金额少于1元:
2018-07-24 21:16:09.531 [http-nio-8080-exec-1]    ERROR c.y.s.c.TransferAccountController - 今日金额少于1元:
2018-07-24 21:16:09.731 [http-nio-8080-exec-1]    ERROR c.y.s.c.TransferAccountController - 今日金额少于1元:
2018-07-24 21:16:09.916 [http-nio-8080-exec-1]    ERROR c.y.s.c.TransferAccountController - 今日金额少于1元:
2018-07-24 21:16:10.096 [http-nio-8080-exec-1]    ERROR c.y.s.c.TransferAccountController - 今日金额少于1元:
2018-07-24 21:16:10.296 [http-nio-8080-exec-1]    ERROR c.y.s.c.TransferAccountController - 今日金额少于1元:
2018-07-24 21:16:10.486 [http-nio-8080-exec-1]    ERROR c.y.s.c.TransferAccountController - 今日金额少于1元:
2018-07-24 21:16:10.691 [http-nio-8080-exec-1]    ERROR c.y.s.c.TransferAccountController - 今日金额少于1元:
2018-07-24 21:16:10.884 [http-nio-8080-exec-1]    ERROR c.y.s.c.TransferAccountController - 今日金额少于1元:
2018-07-24 21:16:11.026 [http-nio-8080-exec-1]    ERROR org.thymeleaf.TemplateEngine - [THYMELEAF][http-nio-8080-exec-1] Exception processing template "wxtrans/start": Error resolving template "wxtrans/start", template might not exist or might not be accessible by any of the configured Template Resolvers
org.thymeleaf.exceptions.TemplateInputException: Error resolving template "wxtrans/start", template might not exist or might not be accessible by any of the configured Template Resolvers
	at org.thymeleaf.engine.TemplateManager.resolveTemplate(TemplateManager.java:870)
	at org.thymeleaf.engine.TemplateManager.parseAndProcess(TemplateManager.java:607)
	at org.thymeleaf.TemplateEngine.process(TemplateEngine.java:1098)
	at org.thymeleaf.TemplateEngine.process(TemplateEngine.java:1072)
	at org.thymeleaf.spring5.view.ThymeleafView.renderFragment(ThymeleafView.java:354)
	at org.thymeleaf.spring5.view.ThymeleafView.render(ThymeleafView.java:187)
	at org.springframework.web.servlet.DispatcherServlet.render(DispatcherServlet.java:1325)
	at org.springframework.web.servlet.DispatcherServlet.processDispatchResult(DispatcherServlet.java:1069)
	at org.springframework.web.servlet.DispatcherServlet.doDispatch(DispatcherServlet.java:1008)
	at org.springframework.web.servlet.DispatcherServlet.doService(DispatcherServlet.java:925)
	at org.springframework.web.servlet.FrameworkServlet.processRequest(FrameworkServlet.java:978)
	at org.springframework.web.servlet.FrameworkServlet.doGet(FrameworkServlet.java:870)
	at javax.servlet.http.HttpServlet.service(HttpServlet.java:635)
	at org.springframework.web.servlet.FrameworkServlet.service(FrameworkServlet.java:855)
	at javax.servlet.http.HttpServlet.service(HttpServlet.java:742)
	at org.apache.catalina.core.ApplicationFilterChain.internalDoFilter(ApplicationFilterChain.java:231)
	at org.apache.catalina.core.ApplicationFilterChain.doFilter(ApplicationFilterChain.java:166)
	at org.apache.tomcat.websocket.server.WsFilter.doFilter(WsFilter.java:52)
	at org.apache.catalina.core.ApplicationFilterChain.internalDoFilter(ApplicationFilterChain.java:193)
	at org.apache.catalina.core.ApplicationFilterChain.doFilter(ApplicationFilterChain.java:166)
	at org.springframework.web.filter.RequestContextFilter.doFilterInternal(RequestContextFilter.java:99)
	at org.springframework.web.filter.OncePerRequestFilter.doFilter(OncePerRequestFilter.java:107)
	at org.apache.catalina.core.ApplicationFilterChain.internalDoFilter(ApplicationFilterChain.java:193)
	at org.apache.catalina.core.ApplicationFilterChain.doFilter(ApplicationFilterChain.java:166)
	at org.springframework.web.filter.HttpPutFormContentFilter.doFilterInternal(HttpPutFormContentFilter.java:109)
	at org.springframework.web.filter.OncePerRequestFilter.doFilter(OncePerRequestFilter.java:107)
	at org.apache.catalina.core.ApplicationFilterChain.internalDoFilter(ApplicationFilterChain.java:193)
	at org.apache.catalina.core.ApplicationFilterChain.doFilter(ApplicationFilterChain.java:166)
	at org.springframework.web.filter.HiddenHttpMethodFilter.doFilterInternal(HiddenHttpMethodFilter.java:81)
	at org.springframework.web.filter.OncePerRequestFilter.doFilter(OncePerRequestFilter.java:107)
	at org.apache.catalina.core.ApplicationFilterChain.internalDoFilter(ApplicationFilterChain.java:193)
	at org.apache.catalina.core.ApplicationFilterChain.doFilter(ApplicationFilterChain.java:166)
	at org.springframework.web.filter.CharacterEncodingFilter.doFilterInternal(CharacterEncodingFilter.java:200)
	at org.springframework.web.filter.OncePerRequestFilter.doFilter(OncePerRequestFilter.java:107)
	at org.apache.catalina.core.ApplicationFilterChain.internalDoFilter(ApplicationFilterChain.java:193)
	at org.apache.catalina.core.ApplicationFilterChain.doFilter(ApplicationFilterChain.java:166)
	at org.apache.catalina.core.StandardWrapperValve.invoke(StandardWrapperValve.java:199)
	at org.apache.catalina.core.StandardContextValve.invoke(StandardContextValve.java:96)
	at org.apache.catalina.authenticator.AuthenticatorBase.invoke(AuthenticatorBase.java:496)
	at org.apache.catalina.core.StandardHostValve.invoke(StandardHostValve.java:140)
	at org.apache.catalina.valves.ErrorReportValve.invoke(ErrorReportValve.java:81)
	at org.apache.catalina.core.StandardEngineValve.invoke(StandardEngineValve.java:87)
	at org.apache.catalina.connector.CoyoteAdapter.service(CoyoteAdapter.java:342)
	at org.apache.coyote.http11.Http11Processor.service(Http11Processor.java:803)
	at org.apache.coyote.AbstractProcessorLight.process(AbstractProcessorLight.java:66)
	at org.apache.coyote.AbstractProtocol$ConnectionHandler.process(AbstractProtocol.java:790)
	at org.apache.tomcat.util.net.NioEndpoint$SocketProcessor.doRun(NioEndpoint.java:1459)
	at org.apache.tomcat.util.net.SocketProcessorBase.run(SocketProcessorBase.java:49)
	at java.util.concurrent.ThreadPoolExecutor.runWorker(ThreadPoolExecutor.java:1142)
	at java.util.concurrent.ThreadPoolExecutor$Worker.run(ThreadPoolExecutor.java:617)
	at org.apache.tomcat.util.threads.TaskThread$WrappingRunnable.run(TaskThread.java:61)
	at java.lang.Thread.run(Thread.java:745)
2018-07-24 21:16:11.034 [http-nio-8080-exec-1]    ERROR o.a.c.c.C.[.[.[.[dispatcherServlet] - Servlet.service() for servlet [dispatcherServlet] in context with path [/sell] threw exception [Request processing failed; nested exception is org.thymeleaf.exceptions.TemplateInputException: Error resolving template "wxtrans/start", template might not exist or might not be accessible by any of the configured Template Resolvers] with root cause
org.thymeleaf.exceptions.TemplateInputException: Error resolving template "wxtrans/start", template might not exist or might not be accessible by any of the configured Template Resolvers
	at org.thymeleaf.engine.TemplateManager.resolveTemplate(TemplateManager.java:870)
	at org.thymeleaf.engine.TemplateManager.parseAndProcess(TemplateManager.java:607)
	at org.thymeleaf.TemplateEngine.process(TemplateEngine.java:1098)
	at org.thymeleaf.TemplateEngine.process(TemplateEngine.java:1072)
	at org.thymeleaf.spring5.view.ThymeleafView.renderFragment(ThymeleafView.java:354)
	at org.thymeleaf.spring5.view.ThymeleafView.render(ThymeleafView.java:187)
	at org.springframework.web.servlet.DispatcherServlet.render(DispatcherServlet.java:1325)
	at org.springframework.web.servlet.DispatcherServlet.processDispatchResult(DispatcherServlet.java:1069)
	at org.springframework.web.servlet.DispatcherServlet.doDispatch(DispatcherServlet.java:1008)
	at org.springframework.web.servlet.DispatcherServlet.doService(DispatcherServlet.java:925)
	at org.springframework.web.servlet.FrameworkServlet.processRequest(FrameworkServlet.java:978)
	at org.springframework.web.servlet.FrameworkServlet.doGet(FrameworkServlet.java:870)
	at javax.servlet.http.HttpServlet.service(HttpServlet.java:635)
	at org.springframework.web.servlet.FrameworkServlet.service(FrameworkServlet.java:855)
	at javax.servlet.http.HttpServlet.service(HttpServlet.java:742)
	at org.apache.catalina.core.ApplicationFilterChain.internalDoFilter(ApplicationFilterChain.java:231)
	at org.apache.catalina.core.ApplicationFilterChain.doFilter(ApplicationFilterChain.java:166)
	at org.apache.tomcat.websocket.server.WsFilter.doFilter(WsFilter.java:52)
	at org.apache.catalina.core.ApplicationFilterChain.internalDoFilter(ApplicationFilterChain.java:193)
	at org.apache.catalina.core.ApplicationFilterChain.doFilter(ApplicationFilterChain.java:166)
	at org.springframework.web.filter.RequestContextFilter.doFilterInternal(RequestContextFilter.java:99)
	at org.springframework.web.filter.OncePerRequestFilter.doFilter(OncePerRequestFilter.java:107)
	at org.apache.catalina.core.ApplicationFilterChain.internalDoFilter(ApplicationFilterChain.java:193)
	at org.apache.catalina.core.ApplicationFilterChain.doFilter(ApplicationFilterChain.java:166)
	at org.springframework.web.filter.HttpPutFormContentFilter.doFilterInternal(HttpPutFormContentFilter.java:109)
	at org.springframework.web.filter.OncePerRequestFilter.doFilter(OncePerRequestFilter.java:107)
	at org.apache.catalina.core.ApplicationFilterChain.internalDoFilter(ApplicationFilterChain.java:193)
	at org.apache.catalina.core.ApplicationFilterChain.doFilter(ApplicationFilterChain.java:166)
	at org.springframework.web.filter.HiddenHttpMethodFilter.doFilterInternal(HiddenHttpMethodFilter.java:81)
	at org.springframework.web.filter.OncePerRequestFilter.doFilter(OncePerRequestFilter.java:107)
	at org.apache.catalina.core.ApplicationFilterChain.internalDoFilter(ApplicationFilterChain.java:193)
	at org.apache.catalina.core.ApplicationFilterChain.doFilter(ApplicationFilterChain.java:166)
	at org.springframework.web.filter.CharacterEncodingFilter.doFilterInternal(CharacterEncodingFilter.java:200)
	at org.springframework.web.filter.OncePerRequestFilter.doFilter(OncePerRequestFilter.java:107)
	at org.apache.catalina.core.ApplicationFilterChain.internalDoFilter(ApplicationFilterChain.java:193)
	at org.apache.catalina.core.ApplicationFilterChain.doFilter(ApplicationFilterChain.java:166)
	at org.apache.catalina.core.StandardWrapperValve.invoke(StandardWrapperValve.java:199)
	at org.apache.catalina.core.StandardContextValve.invoke(StandardContextValve.java:96)
	at org.apache.catalina.authenticator.AuthenticatorBase.invoke(AuthenticatorBase.java:496)
	at org.apache.catalina.core.StandardHostValve.invoke(StandardHostValve.java:140)
	at org.apache.catalina.valves.ErrorReportValve.invoke(ErrorReportValve.java:81)
	at org.apache.catalina.core.StandardEngineValve.invoke(StandardEngineValve.java:87)
	at org.apache.catalina.connector.CoyoteAdapter.service(CoyoteAdapter.java:342)
	at org.apache.coyote.http11.Http11Processor.service(Http11Processor.java:803)
	at org.apache.coyote.AbstractProcessorLight.process(AbstractProcessorLight.java:66)
	at org.apache.coyote.AbstractProtocol$ConnectionHandler.process(AbstractProtocol.java:790)
	at org.apache.tomcat.util.net.NioEndpoint$SocketProcessor.doRun(NioEndpoint.java:1459)
	at org.apache.tomcat.util.net.SocketProcessorBase.run(SocketProcessorBase.java:49)
	at java.util.concurrent.ThreadPoolExecutor.runWorker(ThreadPoolExecutor.java:1142)
	at java.util.concurrent.ThreadPoolExecutor$Worker.run(ThreadPoolExecutor.java:617)
	at org.apache.tomcat.util.threads.TaskThread$WrappingRunnable.run(TaskThread.java:61)
	at java.lang.Thread.run(Thread.java:745)
2018-07-24 21:16:33.402 [http-nio-8080-exec-1]    ERROR c.y.s.c.TransferAccountController - 今日金额少于1元:
2018-07-24 21:16:33.602 [http-nio-8080-exec-1]    ERROR c.y.s.c.TransferAccountController - 今日金额少于1元:
2018-07-24 21:16:33.797 [http-nio-8080-exec-1]    ERROR c.y.s.c.TransferAccountController - 今日金额少于1元:
2018-07-24 21:16:33.990 [http-nio-8080-exec-1]    ERROR c.y.s.c.TransferAccountController - 今日金额少于1元:
2018-07-24 21:16:34.177 [http-nio-8080-exec-1]    ERROR c.y.s.c.TransferAccountController - 今日金额少于1元:
2018-07-24 21:16:34.362 [http-nio-8080-exec-1]    ERROR c.y.s.c.TransferAccountController - 今日金额少于1元:
2018-07-24 21:16:34.552 [http-nio-8080-exec-1]    ERROR c.y.s.c.TransferAccountController - 今日金额少于1元:
2018-07-24 21:16:34.757 [http-nio-8080-exec-1]    ERROR c.y.s.c.TransferAccountController - 今日金额少于1元:
2018-07-24 21:16:34.962 [http-nio-8080-exec-1]    ERROR c.y.s.c.TransferAccountController - 今日金额少于1元:
2018-07-24 21:16:35.172 [http-nio-8080-exec-1]    ERROR c.y.s.c.TransferAccountController - 今日金额少于1元:
2018-07-24 21:16:35.310 [http-nio-8080-exec-1]    ERROR org.thymeleaf.TemplateEngine - [THYMELEAF][http-nio-8080-exec-1] Exception processing template "wxtrans/start": Error resolving template "wxtrans/start", template might not exist or might not be accessible by any of the configured Template Resolvers
org.thymeleaf.exceptions.TemplateInputException: Error resolving template "wxtrans/start", template might not exist or might not be accessible by any of the configured Template Resolvers
	at org.thymeleaf.engine.TemplateManager.resolveTemplate(TemplateManager.java:870)
	at org.thymeleaf.engine.TemplateManager.parseAndProcess(TemplateManager.java:607)
	at org.thymeleaf.TemplateEngine.process(TemplateEngine.java:1098)
	at org.thymeleaf.TemplateEngine.process(TemplateEngine.java:1072)
	at org.thymeleaf.spring5.view.ThymeleafView.renderFragment(ThymeleafView.java:354)
	at org.thymeleaf.spring5.view.ThymeleafView.render(ThymeleafView.java:187)
	at org.springframework.web.servlet.DispatcherServlet.render(DispatcherServlet.java:1325)
	at org.springframework.web.servlet.DispatcherServlet.processDispatchResult(DispatcherServlet.java:1069)
	at org.springframework.web.servlet.DispatcherServlet.doDispatch(DispatcherServlet.java:1008)
	at org.springframework.web.servlet.DispatcherServlet.doService(DispatcherServlet.java:925)
	at org.springframework.web.servlet.FrameworkServlet.processRequest(FrameworkServlet.java:978)
	at org.springframework.web.servlet.FrameworkServlet.doGet(FrameworkServlet.java:870)
	at javax.servlet.http.HttpServlet.service(HttpServlet.java:635)
	at org.springframework.web.servlet.FrameworkServlet.service(FrameworkServlet.java:855)
	at javax.servlet.http.HttpServlet.service(HttpServlet.java:742)
	at org.apache.catalina.core.ApplicationFilterChain.internalDoFilter(ApplicationFilterChain.java:231)
	at org.apache.catalina.core.ApplicationFilterChain.doFilter(ApplicationFilterChain.java:166)
	at org.apache.tomcat.websocket.server.WsFilter.doFilter(WsFilter.java:52)
	at org.apache.catalina.core.ApplicationFilterChain.internalDoFilter(ApplicationFilterChain.java:193)
	at org.apache.catalina.core.ApplicationFilterChain.doFilter(ApplicationFilterChain.java:166)
	at org.springframework.web.filter.RequestContextFilter.doFilterInternal(RequestContextFilter.java:99)
	at org.springframework.web.filter.OncePerRequestFilter.doFilter(OncePerRequestFilter.java:107)
	at org.apache.catalina.core.ApplicationFilterChain.internalDoFilter(ApplicationFilterChain.java:193)
	at org.apache.catalina.core.ApplicationFilterChain.doFilter(ApplicationFilterChain.java:166)
	at org.springframework.web.filter.HttpPutFormContentFilter.doFilterInternal(HttpPutFormContentFilter.java:109)
	at org.springframework.web.filter.OncePerRequestFilter.doFilter(OncePerRequestFilter.java:107)
	at org.apache.catalina.core.ApplicationFilterChain.internalDoFilter(ApplicationFilterChain.java:193)
	at org.apache.catalina.core.ApplicationFilterChain.doFilter(ApplicationFilterChain.java:166)
	at org.springframework.web.filter.HiddenHttpMethodFilter.doFilterInternal(HiddenHttpMethodFilter.java:81)
	at org.springframework.web.filter.OncePerRequestFilter.doFilter(OncePerRequestFilter.java:107)
	at org.apache.catalina.core.ApplicationFilterChain.internalDoFilter(ApplicationFilterChain.java:193)
	at org.apache.catalina.core.ApplicationFilterChain.doFilter(ApplicationFilterChain.java:166)
	at org.springframework.web.filter.CharacterEncodingFilter.doFilterInternal(CharacterEncodingFilter.java:200)
	at org.springframework.web.filter.OncePerRequestFilter.doFilter(OncePerRequestFilter.java:107)
	at org.apache.catalina.core.ApplicationFilterChain.internalDoFilter(ApplicationFilterChain.java:193)
	at org.apache.catalina.core.ApplicationFilterChain.doFilter(ApplicationFilterChain.java:166)
	at org.apache.catalina.core.StandardWrapperValve.invoke(StandardWrapperValve.java:199)
	at org.apache.catalina.core.StandardContextValve.invoke(StandardContextValve.java:96)
	at org.apache.catalina.authenticator.AuthenticatorBase.invoke(AuthenticatorBase.java:496)
	at org.apache.catalina.core.StandardHostValve.invoke(StandardHostValve.java:140)
	at org.apache.catalina.valves.ErrorReportValve.invoke(ErrorReportValve.java:81)
	at org.apache.catalina.core.StandardEngineValve.invoke(StandardEngineValve.java:87)
	at org.apache.catalina.connector.CoyoteAdapter.service(CoyoteAdapter.java:342)
	at org.apache.coyote.http11.Http11Processor.service(Http11Processor.java:803)
	at org.apache.coyote.AbstractProcessorLight.process(AbstractProcessorLight.java:66)
	at org.apache.coyote.AbstractProtocol$ConnectionHandler.process(AbstractProtocol.java:790)
	at org.apache.tomcat.util.net.NioEndpoint$SocketProcessor.doRun(NioEndpoint.java:1459)
	at org.apache.tomcat.util.net.SocketProcessorBase.run(SocketProcessorBase.java:49)
	at java.util.concurrent.ThreadPoolExecutor.runWorker(ThreadPoolExecutor.java:1142)
	at java.util.concurrent.ThreadPoolExecutor$Worker.run(ThreadPoolExecutor.java:617)
	at org.apache.tomcat.util.threads.TaskThread$WrappingRunnable.run(TaskThread.java:61)
	at java.lang.Thread.run(Thread.java:745)
2018-07-24 21:16:35.315 [http-nio-8080-exec-1]    ERROR o.a.c.c.C.[.[.[.[dispatcherServlet] - Servlet.service() for servlet [dispatcherServlet] in context with path [/sell] threw exception [Request processing failed; nested exception is org.thymeleaf.exceptions.TemplateInputException: Error resolving template "wxtrans/start", template might not exist or might not be accessible by any of the configured Template Resolvers] with root cause
org.thymeleaf.exceptions.TemplateInputException: Error resolving template "wxtrans/start", template might not exist or might not be accessible by any of the configured Template Resolvers
	at org.thymeleaf.engine.TemplateManager.resolveTemplate(TemplateManager.java:870)
	at org.thymeleaf.engine.TemplateManager.parseAndProcess(TemplateManager.java:607)
	at org.thymeleaf.TemplateEngine.process(TemplateEngine.java:1098)
	at org.thymeleaf.TemplateEngine.process(TemplateEngine.java:1072)
	at org.thymeleaf.spring5.view.ThymeleafView.renderFragment(ThymeleafView.java:354)
	at org.thymeleaf.spring5.view.ThymeleafView.render(ThymeleafView.java:187)
	at org.springframework.web.servlet.DispatcherServlet.render(DispatcherServlet.java:1325)
	at org.springframework.web.servlet.DispatcherServlet.processDispatchResult(DispatcherServlet.java:1069)
	at org.springframework.web.servlet.DispatcherServlet.doDispatch(DispatcherServlet.java:1008)
	at org.springframework.web.servlet.DispatcherServlet.doService(DispatcherServlet.java:925)
	at org.springframework.web.servlet.FrameworkServlet.processRequest(FrameworkServlet.java:978)
	at org.springframework.web.servlet.FrameworkServlet.doGet(FrameworkServlet.java:870)
	at javax.servlet.http.HttpServlet.service(HttpServlet.java:635)
	at org.springframework.web.servlet.FrameworkServlet.service(FrameworkServlet.java:855)
	at javax.servlet.http.HttpServlet.service(HttpServlet.java:742)
	at org.apache.catalina.core.ApplicationFilterChain.internalDoFilter(ApplicationFilterChain.java:231)
	at org.apache.catalina.core.ApplicationFilterChain.doFilter(ApplicationFilterChain.java:166)
	at org.apache.tomcat.websocket.server.WsFilter.doFilter(WsFilter.java:52)
	at org.apache.catalina.core.ApplicationFilterChain.internalDoFilter(ApplicationFilterChain.java:193)
	at org.apache.catalina.core.ApplicationFilterChain.doFilter(ApplicationFilterChain.java:166)
	at org.springframework.web.filter.RequestContextFilter.doFilterInternal(RequestContextFilter.java:99)
	at org.springframework.web.filter.OncePerRequestFilter.doFilter(OncePerRequestFilter.java:107)
	at org.apache.catalina.core.ApplicationFilterChain.internalDoFilter(ApplicationFilterChain.java:193)
	at org.apache.catalina.core.ApplicationFilterChain.doFilter(ApplicationFilterChain.java:166)
	at org.springframework.web.filter.HttpPutFormContentFilter.doFilterInternal(HttpPutFormContentFilter.java:109)
	at org.springframework.web.filter.OncePerRequestFilter.doFilter(OncePerRequestFilter.java:107)
	at org.apache.catalina.core.ApplicationFilterChain.internalDoFilter(ApplicationFilterChain.java:193)
	at org.apache.catalina.core.ApplicationFilterChain.doFilter(ApplicationFilterChain.java:166)
	at org.springframework.web.filter.HiddenHttpMethodFilter.doFilterInternal(HiddenHttpMethodFilter.java:81)
	at org.springframework.web.filter.OncePerRequestFilter.doFilter(OncePerRequestFilter.java:107)
	at org.apache.catalina.core.ApplicationFilterChain.internalDoFilter(ApplicationFilterChain.java:193)
	at org.apache.catalina.core.ApplicationFilterChain.doFilter(ApplicationFilterChain.java:166)
	at org.springframework.web.filter.CharacterEncodingFilter.doFilterInternal(CharacterEncodingFilter.java:200)
	at org.springframework.web.filter.OncePerRequestFilter.doFilter(OncePerRequestFilter.java:107)
	at org.apache.catalina.core.ApplicationFilterChain.internalDoFilter(ApplicationFilterChain.java:193)
	at org.apache.catalina.core.ApplicationFilterChain.doFilter(ApplicationFilterChain.java:166)
	at org.apache.catalina.core.StandardWrapperValve.invoke(StandardWrapperValve.java:199)
	at org.apache.catalina.core.StandardContextValve.invoke(StandardContextValve.java:96)
	at org.apache.catalina.authenticator.AuthenticatorBase.invoke(AuthenticatorBase.java:496)
	at org.apache.catalina.core.StandardHostValve.invoke(StandardHostValve.java:140)
	at org.apache.catalina.valves.ErrorReportValve.invoke(ErrorReportValve.java:81)
	at org.apache.catalina.core.StandardEngineValve.invoke(StandardEngineValve.java:87)
	at org.apache.catalina.connector.CoyoteAdapter.service(CoyoteAdapter.java:342)
	at org.apache.coyote.http11.Http11Processor.service(Http11Processor.java:803)
	at org.apache.coyote.AbstractProcessorLight.process(AbstractProcessorLight.java:66)
	at org.apache.coyote.AbstractProtocol$ConnectionHandler.process(AbstractProtocol.java:790)
	at org.apache.tomcat.util.net.NioEndpoint$SocketProcessor.doRun(NioEndpoint.java:1459)
	at org.apache.tomcat.util.net.SocketProcessorBase.run(SocketProcessorBase.java:49)
	at java.util.concurrent.ThreadPoolExecutor.runWorker(ThreadPoolExecutor.java:1142)
	at java.util.concurrent.ThreadPoolExecutor$Worker.run(ThreadPoolExecutor.java:617)
	at org.apache.tomcat.util.threads.TaskThread$WrappingRunnable.run(TaskThread.java:61)
	at java.lang.Thread.run(Thread.java:745)
2018-07-24 21:24:20.588 [pool-1-thread-1]    ERROR c.y.s.c.TransferAccountController - 今日金额少于1元:
2018-07-24 21:24:20.757 [pool-1-thread-1]    ERROR c.y.s.c.TransferAccountController - 今日金额少于1元:
2018-07-24 21:24:20.947 [pool-1-thread-1]    ERROR c.y.s.c.TransferAccountController - 今日金额少于1元:
2018-07-24 21:24:21.150 [pool-1-thread-1]    ERROR c.y.s.c.TransferAccountController - 今日金额少于1元:
2018-07-24 21:24:21.336 [pool-1-thread-1]    ERROR c.y.s.c.TransferAccountController - 今日金额少于1元:
2018-07-24 21:24:21.530 [pool-1-thread-1]    ERROR c.y.s.c.TransferAccountController - 今日金额少于1元:
2018-07-24 21:24:21.724 [pool-1-thread-1]    ERROR c.y.s.c.TransferAccountController - 今日金额少于1元:
2018-07-24 21:24:21.904 [pool-1-thread-1]    ERROR c.y.s.c.TransferAccountController - 今日金额少于1元:
2018-07-24 21:24:22.106 [pool-1-thread-1]    ERROR c.y.s.c.TransferAccountController - 今日金额少于1元:
2018-07-24 21:24:22.309 [pool-1-thread-1]    ERROR c.y.s.c.TransferAccountController - 今日金额少于1元:
2018-07-24 21:25:50.606 [pool-1-thread-1]    ERROR c.y.s.c.TransferAccountController - 今日金额少于1元:
2018-07-24 21:25:50.798 [pool-1-thread-1]    ERROR c.y.s.c.TransferAccountController - 今日金额少于1元:
2018-07-24 21:25:51.006 [pool-1-thread-1]    ERROR c.y.s.c.TransferAccountController - 今日金额少于1元:
2018-07-24 21:25:51.186 [pool-1-thread-1]    ERROR c.y.s.c.TransferAccountController - 今日金额少于1元:
2018-07-24 21:25:51.395 [pool-1-thread-1]    ERROR c.y.s.c.TransferAccountController - 今日金额少于1元:
2018-07-24 21:25:51.582 [pool-1-thread-1]    ERROR c.y.s.c.TransferAccountController - 今日金额少于1元:
2018-07-24 21:25:51.755 [pool-1-thread-1]    ERROR c.y.s.c.TransferAccountController - 今日金额少于1元:
2018-07-24 21:25:51.963 [pool-1-thread-1]    ERROR c.y.s.c.TransferAccountController - 今日金额少于1元:
2018-07-24 21:25:52.168 [pool-1-thread-1]    ERROR c.y.s.c.TransferAccountController - 今日金额少于1元:
2018-07-24 21:25:52.357 [pool-1-thread-1]    ERROR c.y.s.c.TransferAccountController - 今日金额少于1元:
2018-07-24 21:26:00.201 [pool-1-thread-1]    ERROR c.y.s.c.TransferAccountController - 今日金额少于1元:
2018-07-24 21:26:00.389 [pool-1-thread-1]    ERROR c.y.s.c.TransferAccountController - 今日金额少于1元:
2018-07-24 21:26:00.596 [pool-1-thread-1]    ERROR c.y.s.c.TransferAccountController - 今日金额少于1元:
2018-07-24 21:26:00.775 [pool-1-thread-1]    ERROR c.y.s.c.TransferAccountController - 今日金额少于1元:
2018-07-24 21:26:00.981 [pool-1-thread-1]    ERROR c.y.s.c.TransferAccountController - 今日金额少于1元:
2018-07-24 21:26:01.168 [pool-1-thread-1]    ERROR c.y.s.c.TransferAccountController - 今日金额少于1元:
2018-07-24 21:26:01.382 [pool-1-thread-1]    ERROR c.y.s.c.TransferAccountController - 今日金额少于1元:
2018-07-24 21:26:01.574 [pool-1-thread-1]    ERROR c.y.s.c.TransferAccountController - 今日金额少于1元:
2018-07-24 21:26:01.773 [pool-1-thread-1]    ERROR c.y.s.c.TransferAccountController - 今日金额少于1元:
2018-07-24 21:26:01.968 [pool-1-thread-1]    ERROR c.y.s.c.TransferAccountController - 今日金额少于1元:
2018-07-24 21:26:10.205 [pool-1-thread-1]    ERROR c.y.s.c.TransferAccountController - 今日金额少于1元:
2018-07-24 21:26:10.391 [pool-1-thread-1]    ERROR c.y.s.c.TransferAccountController - 今日金额少于1元:
2018-07-24 21:26:10.570 [pool-1-thread-1]    ERROR c.y.s.c.TransferAccountController - 今日金额少于1元:
2018-07-24 21:26:10.783 [pool-1-thread-1]    ERROR c.y.s.c.TransferAccountController - 今日金额少于1元:
2018-07-24 21:26:10.969 [pool-1-thread-1]    ERROR c.y.s.c.TransferAccountController - 今日金额少于1元:
2018-07-24 21:26:11.148 [pool-1-thread-1]    ERROR c.y.s.c.TransferAccountController - 今日金额少于1元:
2018-07-24 21:26:11.346 [pool-1-thread-1]    ERROR c.y.s.c.TransferAccountController - 今日金额少于1元:
2018-07-24 21:26:11.543 [pool-1-thread-1]    ERROR c.y.s.c.TransferAccountController - 今日金额少于1元:
2018-07-24 21:26:11.735 [pool-1-thread-1]    ERROR c.y.s.c.TransferAccountController - 今日金额少于1元:
2018-07-24 21:26:11.925 [pool-1-thread-1]    ERROR c.y.s.c.TransferAccountController - 今日金额少于1元:
2018-07-24 21:27:00.588 [pool-1-thread-1]    ERROR c.y.s.c.TransferAccountController - 今日金额少于1元:
2018-07-24 21:27:00.762 [pool-1-thread-1]    ERROR c.y.s.c.TransferAccountController - 今日金额少于1元:
2018-07-24 21:27:00.946 [pool-1-thread-1]    ERROR c.y.s.c.TransferAccountController - 今日金额少于1元:
2018-07-24 21:27:01.133 [pool-1-thread-1]    ERROR c.y.s.c.TransferAccountController - 今日金额少于1元:
2018-07-24 21:27:01.340 [pool-1-thread-1]    ERROR c.y.s.c.TransferAccountController - 今日金额少于1元:
2018-07-24 21:27:01.528 [pool-1-thread-1]    ERROR c.y.s.c.TransferAccountController - 今日金额少于1元:
2018-07-24 21:27:01.728 [pool-1-thread-1]    ERROR c.y.s.c.TransferAccountController - 今日金额少于1元:
2018-07-24 21:27:01.927 [pool-1-thread-1]    ERROR c.y.s.c.TransferAccountController - 今日金额少于1元:
2018-07-24 21:27:02.125 [pool-1-thread-1]    ERROR c.y.s.c.TransferAccountController - 今日金额少于1元:
2018-07-24 21:27:02.319 [pool-1-thread-1]    ERROR c.y.s.c.TransferAccountController - 今日金额少于1元:
2018-07-24 21:32:20.564 [pool-1-thread-1]    ERROR c.y.s.c.TransferAccountController - 今日金额少于1元:
2018-07-24 21:32:20.776 [pool-1-thread-1]    ERROR c.y.s.c.TransferAccountController - 今日金额少于1元:
2018-07-24 21:32:20.984 [pool-1-thread-1]    ERROR c.y.s.c.TransferAccountController - 今日金额少于1元:
2018-07-24 21:32:21.193 [pool-1-thread-1]    ERROR c.y.s.c.TransferAccountController - 今日金额少于1元:
2018-07-24 21:32:21.395 [pool-1-thread-1]    ERROR c.y.s.c.TransferAccountController - 今日金额少于1元:
2018-07-24 21:32:21.567 [pool-1-thread-1]    ERROR c.y.s.c.TransferAccountController - 今日金额少于1元:
2018-07-24 21:32:21.766 [pool-1-thread-1]    ERROR c.y.s.c.TransferAccountController - 今日金额少于1元:
2018-07-24 21:32:21.953 [pool-1-thread-1]    ERROR c.y.s.c.TransferAccountController - 今日金额少于1元:
2018-07-24 21:32:22.156 [pool-1-thread-1]    ERROR c.y.s.c.TransferAccountController - 今日金额少于1元:
2018-07-24 21:32:22.358 [pool-1-thread-1]    ERROR c.y.s.c.TransferAccountController - 今日金额少于1元:
2018-07-24 21:32:30.208 [pool-1-thread-1]    ERROR c.y.s.c.TransferAccountController - 今日金额少于1元:
2018-07-24 21:32:30.397 [pool-1-thread-1]    ERROR c.y.s.c.TransferAccountController - 今日金额少于1元:
2018-07-24 21:32:30.584 [pool-1-thread-1]    ERROR c.y.s.c.TransferAccountController - 今日金额少于1元:
2018-07-24 21:32:30.772 [pool-1-thread-1]    ERROR c.y.s.c.TransferAccountController - 今日金额少于1元:
2018-07-24 21:32:30.943 [pool-1-thread-1]    ERROR c.y.s.c.TransferAccountController - 今日金额少于1元:
2018-07-24 21:32:31.146 [pool-1-thread-1]    ERROR c.y.s.c.TransferAccountController - 今日金额少于1元:
2018-07-24 21:32:31.336 [pool-1-thread-1]    ERROR c.y.s.c.TransferAccountController - 今日金额少于1元:
2018-07-24 21:32:31.510 [pool-1-thread-1]    ERROR c.y.s.c.TransferAccountController - 今日金额少于1元:
2018-07-24 21:32:31.697 [pool-1-thread-1]    ERROR c.y.s.c.TransferAccountController - 今日金额少于1元:
2018-07-24 21:32:31.889 [pool-1-thread-1]    ERROR c.y.s.c.TransferAccountController - 今日金额少于1元:
2018-07-24 21:33:20.580 [pool-1-thread-1]    ERROR c.y.s.c.TransferAccountController - 今日金额少于1元:
2018-07-24 21:33:20.788 [pool-1-thread-1]    ERROR c.y.s.c.TransferAccountController - 今日金额少于1元:
2018-07-24 21:33:20.991 [pool-1-thread-1]    ERROR c.y.s.c.TransferAccountController - 今日金额少于1元:
2018-07-24 21:33:21.178 [pool-1-thread-1]    ERROR c.y.s.c.TransferAccountController - 今日金额少于1元:
2018-07-24 21:33:21.383 [pool-1-thread-1]    ERROR c.y.s.c.TransferAccountController - 今日金额少于1元:
2018-07-24 21:33:21.563 [pool-1-thread-1]    ERROR c.y.s.c.TransferAccountController - 今日金额少于1元:
2018-07-24 21:33:21.755 [pool-1-thread-1]    ERROR c.y.s.c.TransferAccountController - 今日金额少于1元:
2018-07-24 21:33:21.958 [pool-1-thread-1]    ERROR c.y.s.c.TransferAccountController - 今日金额少于1元:
2018-07-24 21:33:22.145 [pool-1-thread-1]    ERROR c.y.s.c.TransferAccountController - 今日金额少于1元:
2018-07-24 21:33:22.332 [pool-1-thread-1]    ERROR c.y.s.c.TransferAccountController - 今日金额少于1元:
2018-07-24 21:33:50.584 [pool-1-thread-1]    ERROR c.y.s.c.TransferAccountController - 今日金额少于1元:
2018-07-24 21:33:50.777 [pool-1-thread-1]    ERROR c.y.s.c.TransferAccountController - 今日金额少于1元:
2018-07-24 21:33:50.979 [pool-1-thread-1]    ERROR c.y.s.c.TransferAccountController - 今日金额少于1元:
2018-07-24 21:33:51.182 [pool-1-thread-1]    ERROR c.y.s.c.TransferAccountController - 今日金额少于1元:
2018-07-24 21:33:51.360 [pool-1-thread-1]    ERROR c.y.s.c.TransferAccountController - 今日金额少于1元:
2018-07-24 21:33:51.568 [pool-1-thread-1]    ERROR c.y.s.c.TransferAccountController - 今日金额少于1元:
2018-07-24 21:33:51.757 [pool-1-thread-1]    ERROR c.y.s.c.TransferAccountController - 今日金额少于1元:
2018-07-24 21:33:51.960 [pool-1-thread-1]    ERROR c.y.s.c.TransferAccountController - 今日金额少于1元:
2018-07-24 21:33:52.147 [pool-1-thread-1]    ERROR c.y.s.c.TransferAccountController - 今日金额少于1元:
2018-07-24 21:33:52.357 [pool-1-thread-1]    ERROR c.y.s.c.TransferAccountController - 今日金额少于1元:
2018-07-24 21:35:20.786 [pool-1-thread-1]    ERROR c.y.s.c.TransferAccountController - 今日金额少于1元:
2018-07-24 21:35:20.974 [pool-1-thread-1]    ERROR c.y.s.c.TransferAccountController - 今日金额少于1元:
2018-07-24 21:35:21.176 [pool-1-thread-1]    ERROR c.y.s.c.TransferAccountController - 今日金额少于1元:
2018-07-24 21:35:21.381 [pool-1-thread-1]    ERROR c.y.s.c.TransferAccountController - 今日金额少于1元:
2018-07-24 21:35:21.573 [pool-1-thread-1]    ERROR c.y.s.c.TransferAccountController - 今日金额少于1元:
2018-07-24 21:35:21.772 [pool-1-thread-1]    ERROR c.y.s.c.TransferAccountController - 今日金额少于1元:
2018-07-24 21:35:21.960 [pool-1-thread-1]    ERROR c.y.s.c.TransferAccountController - 今日金额少于1元:
2018-07-24 21:35:22.146 [pool-1-thread-1]    ERROR c.y.s.c.TransferAccountController - 今日金额少于1元:
2018-07-24 21:35:22.407 [pool-1-thread-1]    ERROR c.y.s.c.TransferAccountController - 支付出错:
2018-07-24 21:35:22.594 [pool-1-thread-1]    ERROR c.y.s.c.TransferAccountController - 今日金额少于1元:
