2018-06-25 19:57:27.543 [main]    INFO  com.yuhao.sell.SellApplication - Starting SellApplication on JZRMMHQ7IIJQ3E6 with PID 3796 (started by 葳蕤 in I:\微信支付\SellTow\sell)
2018-06-25 19:57:27.546 [main]    INFO  com.yuhao.sell.SellApplication - No active profile set, falling back to default profiles: default
2018-06-25 19:57:27.611 [main]    INFO  o.s.b.w.s.c.AnnotationConfigServletWebServerApplicationContext - Refreshing org.springframework.boot.web.servlet.context.AnnotationConfigServletWebServerApplicationContext@49049a04: startup date [Mon Jun 25 19:57:27 CST 2018]; root of context hierarchy
2018-06-25 19:57:28.501 [main]    WARN  o.m.s.mapper.ClassPathMapperScanner - No MyBatis mapper was found in '[com.yuhao.sell]' package. Please check your configuration.
2018-06-25 19:57:28.537 [main]    INFO  o.s.d.r.c.RepositoryConfigurationDelegate - Multiple Spring Data modules found, entering strict repository configuration mode!
2018-06-25 19:57:28.611 [main]    INFO  o.s.d.r.c.RepositoryConfigurationDelegate - Multiple Spring Data modules found, entering strict repository configuration mode!
2018-06-25 19:57:28.630 [main]    INFO  o.s.d.r.c.RepositoryConfigurationExtensionSupport - Spring Data Redis - Could not safely identify store assignment for repository candidate interface com.yuhao.sell.dao.AdminDAO.
2018-06-25 19:57:28.632 [main]    INFO  o.s.d.r.c.RepositoryConfigurationExtensionSupport - Spring Data Redis - Could not safely identify store assignment for repository candidate interface com.yuhao.sell.dao.OrderDetailDAO.
2018-06-25 19:57:28.632 [main]    INFO  o.s.d.r.c.RepositoryConfigurationExtensionSupport - Spring Data Redis - Could not safely identify store assignment for repository candidate interface com.yuhao.sell.dao.OrderMasterDAO.
2018-06-25 19:57:28.633 [main]    INFO  o.s.d.r.c.RepositoryConfigurationExtensionSupport - Spring Data Redis - Could not safely identify store assignment for repository candidate interface com.yuhao.sell.dao.ProductCategoryDAO.
2018-06-25 19:57:28.633 [main]    INFO  o.s.d.r.c.RepositoryConfigurationExtensionSupport - Spring Data Redis - Could not safely identify store assignment for repository candidate interface com.yuhao.sell.dao.ProductInfoDAO.
2018-06-25 19:57:28.633 [main]    INFO  o.s.d.r.c.RepositoryConfigurationExtensionSupport - Spring Data Redis - Could not safely identify store assignment for repository candidate interface com.yuhao.sell.dao.SellerInfoDAO.
2018-06-25 19:57:28.911 [main]    INFO  o.s.b.f.a.AutowiredAnnotationBeanPostProcessor - JSR-330 'javax.inject.Inject' annotation found and supported for autowiring
2018-06-25 19:57:29.073 [main]    INFO  o.s.c.s.PostProcessorRegistrationDelegate$BeanPostProcessorChecker - Bean 'org.springframework.transaction.annotation.ProxyTransactionManagementConfiguration' of type [org.springframework.transaction.annotation.ProxyTransactionManagementConfiguration$$EnhancerBySpringCGLIB$$e2e91a6d] is not eligible for getting processed by all BeanPostProcessors (for example: not eligible for auto-proxying)
2018-06-25 19:57:29.579 [main]    INFO  o.s.b.w.e.tomcat.TomcatWebServer - Tomcat initialized with port(s): 8080 (http)
2018-06-25 19:57:29.595 [main]    INFO  o.a.coyote.http11.Http11NioProtocol - Initializing ProtocolHandler ["http-nio-8080"]
2018-06-25 19:57:29.608 [main]    INFO  o.a.catalina.core.StandardService - Starting service [Tomcat]
2018-06-25 19:57:29.608 [main]    INFO  o.a.catalina.core.StandardEngine - Starting Servlet Engine: Apache Tomcat/8.5.28
2018-06-25 19:57:29.613 [localhost-startStop-1]    INFO  o.a.c.core.AprLifecycleListener - The APR based Apache Tomcat Native library which allows optimal performance in production environments was not found on the java.library.path: [C:\Program Files\Java\jdk1.8.0_51\bin;C:\Windows\Sun\Java\bin;C:\Windows\system32;C:\Windows;F:\blockchain\nodejs;C:\Ruby25-x64\bin;%MYSQL_HOME%\bin;G:\git\Git\bin;H:\python3\Scripts;H:\Python3;C:\Program Files\Java\jdk1.8.0_51\bin;C:\ProgramData\Oracle\Java\javapath;C:\Windows\system32;C:\Windows;C:\Windows\System32\Wbem;C:\Windows\System32\WindowsPowerShell\v1.0\;C:\Program Files (x86)\NVIDIA Corporation\PhysX\Common;C:\Program Files\Microsoft\Web Platform Installer\;C:\Program Files (x86)\Microsoft ASP.NET\ASP.NET Web Pages\v1.0\;C:\Users\Administrator\Desktop\sql备份\apache-maven-3.5.2\bin;I;\apache\apache-tomcat-7.0.53\bin;F:\WAMP\wamp64\bin\php\php5.6.31\;I:\GitHubSource\apache-maven-3.5.3\bin;G:\Git\cmd;F:\blockchain\nodejs;D:\Anaconda3;D:\Anaconda3\Library\mingw-w64\bin;D:\Anaconda3\Library\usr\bin;D:\Anaconda3\Library\bin;D:\Anaconda3\Scripts;C:\Users\Administrator\AppData\Local\GitHubDesktop\bin;C:\Users\Administrator\AppData\Roaming\npm;.]
2018-06-25 19:57:29.836 [localhost-startStop-1]    INFO  o.a.c.c.C.[.[localhost].[/sell] - Initializing Spring embedded WebApplicationContext
2018-06-25 19:57:29.837 [localhost-startStop-1]    INFO  o.s.web.context.ContextLoader - Root WebApplicationContext: initialization completed in 2227 ms
2018-06-25 19:57:29.994 [localhost-startStop-1]    INFO  o.s.b.w.s.ServletRegistrationBean - Servlet dispatcherServlet mapped to [/]
2018-06-25 19:57:29.997 [localhost-startStop-1]    INFO  o.s.b.w.s.FilterRegistrationBean - Mapping filter: 'characterEncodingFilter' to: [/*]
2018-06-25 19:57:29.998 [localhost-startStop-1]    INFO  o.s.b.w.s.FilterRegistrationBean - Mapping filter: 'hiddenHttpMethodFilter' to: [/*]
2018-06-25 19:57:29.998 [localhost-startStop-1]    INFO  o.s.b.w.s.FilterRegistrationBean - Mapping filter: 'httpPutFormContentFilter' to: [/*]
2018-06-25 19:57:29.998 [localhost-startStop-1]    INFO  o.s.b.w.s.FilterRegistrationBean - Mapping filter: 'requestContextFilter' to: [/*]
2018-06-25 19:57:30.174 [main]    INFO  com.zaxxer.hikari.HikariDataSource - HikariPool-1 - Starting...
2018-06-25 19:57:30.352 [main]    INFO  com.zaxxer.hikari.HikariDataSource - HikariPool-1 - Start completed.
2018-06-25 19:57:30.408 [main]    INFO  o.s.o.j.LocalContainerEntityManagerFactoryBean - Building JPA container EntityManagerFactory for persistence unit 'default'
2018-06-25 19:57:30.426 [main]    INFO  o.h.jpa.internal.util.LogHelper - HHH000204: Processing PersistenceUnitInfo [
	name: default
	...]
2018-06-25 19:57:30.534 [main]    INFO  org.hibernate.Version - HHH000412: Hibernate Core {5.2.14.Final}
2018-06-25 19:57:30.536 [main]    INFO  org.hibernate.cfg.Environment - HHH000206: hibernate.properties not found
2018-06-25 19:57:30.588 [main]    INFO  o.h.annotations.common.Version - HCANN000001: Hibernate Commons Annotations {5.0.1.Final}
2018-06-25 19:57:30.790 [main]    INFO  org.hibernate.dialect.Dialect - HHH000400: Using dialect: org.hibernate.dialect.MySQL5Dialect
2018-06-25 19:57:31.326 [main]    INFO  o.s.o.j.LocalContainerEntityManagerFactoryBean - Initialized JPA EntityManagerFactory for persistence unit 'default'
2018-06-25 19:57:33.834 [main]    INFO  o.s.w.s.m.m.a.RequestMappingHandlerAdapter - Looking for @ControllerAdvice: org.springframework.boot.web.servlet.context.AnnotationConfigServletWebServerApplicationContext@49049a04: startup date [Mon Jun 25 19:57:27 CST 2018]; root of context hierarchy
2018-06-25 19:57:33.886 [main]    WARN  o.s.b.a.o.j.JpaBaseConfiguration$JpaWebConfiguration$JpaWebMvcConfiguration - spring.jpa.open-in-view is enabled by default. Therefore, database queries may be performed during view rendering. Explicitly configure spring.jpa.open-in-view to disable this warning
2018-06-25 19:57:33.936 [main]    INFO  o.s.w.s.m.m.a.RequestMappingHandlerMapping - Mapped "{[/admin/list],methods=[GET]}" onto public org.springframework.web.servlet.ModelAndView com.yuhao.sell.controller.AdminController.list(java.lang.Integer,java.lang.Integer,java.util.Map<java.lang.String, java.lang.Object>)
2018-06-25 19:57:33.937 [main]    INFO  o.s.w.s.m.m.a.RequestMappingHandlerMapping - Mapped "{[/admin/search],methods=[POST]}" onto public org.springframework.web.servlet.ModelAndView com.yuhao.sell.controller.AdminController.search(java.lang.String,java.util.Map<java.lang.String, java.lang.Object>)
2018-06-25 19:57:33.938 [main]    INFO  o.s.w.s.m.m.a.RequestMappingHandlerMapping - Mapped "{[/admin/visit],methods=[GET]}" onto public org.springframework.web.servlet.ModelAndView com.yuhao.sell.controller.AdminController.visit(java.lang.Integer,java.lang.Integer,java.lang.Integer,java.util.Map<java.lang.String, java.lang.Object>)
2018-06-25 19:57:33.938 [main]    INFO  o.s.w.s.m.m.a.RequestMappingHandlerMapping - Mapped "{[/admin/use],methods=[POST]}" onto public org.springframework.web.servlet.ModelAndView com.yuhao.sell.controller.AdminController.use(java.lang.String,java.lang.Integer,java.util.Map<java.lang.String, java.lang.Object>)
2018-06-25 19:57:33.938 [main]    INFO  o.s.w.s.m.m.a.RequestMappingHandlerMapping - Mapped "{[/admin/detail],methods=[GET]}" onto public org.springframework.web.servlet.ModelAndView com.yuhao.sell.controller.AdminController.detail(java.lang.String,java.util.Map<java.lang.String, java.lang.Object>)
2018-06-25 19:57:33.938 [main]    INFO  o.s.w.s.m.m.a.RequestMappingHandlerMapping - Mapped "{[/admin/hello],methods=[GET]}" onto public java.lang.String com.yuhao.sell.controller.AdminController.hello()
2018-06-25 19:57:33.939 [main]    INFO  o.s.w.s.m.m.a.RequestMappingHandlerMapping - Mapped "{[/admin/alllist],methods=[GET]}" onto public org.springframework.web.servlet.ModelAndView com.yuhao.sell.controller.AdminController.alllist(java.lang.Integer,java.lang.Integer,java.util.Map<java.lang.String, java.lang.Object>)
2018-06-25 19:57:33.939 [main]    INFO  o.s.w.s.m.m.a.RequestMappingHandlerMapping - Mapped "{[/admin/rlist],methods=[GET]}" onto public org.springframework.web.servlet.ModelAndView com.yuhao.sell.controller.AdminController.rlist(java.lang.Integer,java.lang.Integer,java.util.Map<java.lang.String, java.lang.Object>)
2018-06-25 19:57:33.939 [main]    INFO  o.s.w.s.m.m.a.RequestMappingHandlerMapping - Mapped "{[/admin/sellerdetail],methods=[GET]}" onto public org.springframework.web.servlet.ModelAndView com.yuhao.sell.controller.AdminController.sellerdetail(java.lang.String,java.util.Map<java.lang.String, java.lang.Object>)
2018-06-25 19:57:33.939 [main]    INFO  o.s.w.s.m.m.a.RequestMappingHandlerMapping - Mapped "{[/admin/examineOk],methods=[GET]}" onto public org.springframework.web.servlet.ModelAndView com.yuhao.sell.controller.AdminController.examineOk(java.lang.String,java.util.Map<java.lang.String, java.lang.Object>)
2018-06-25 19:57:33.940 [main]    INFO  o.s.w.s.m.m.a.RequestMappingHandlerMapping - Mapped "{[/admin/examineNot],methods=[GET]}" onto public org.springframework.web.servlet.ModelAndView com.yuhao.sell.controller.AdminController.examineNot(java.lang.String,java.util.Map<java.lang.String, java.lang.Object>)
2018-06-25 19:57:33.940 [main]    INFO  o.s.w.s.m.m.a.RequestMappingHandlerMapping - Mapped "{[/admin/turnover],methods=[GET]}" onto public org.springframework.web.servlet.ModelAndView com.yuhao.sell.controller.AdminController.turnover(java.lang.Integer,java.lang.Integer,java.lang.Integer,java.util.Map<java.lang.String, java.lang.Object>)
2018-06-25 19:57:33.940 [main]    INFO  o.s.w.s.m.m.a.RequestMappingHandlerMapping - Mapped "{[/admin/visit0],methods=[GET]}" onto public org.springframework.web.servlet.ModelAndView com.yuhao.sell.controller.AdminController.visit0(java.lang.Integer,java.lang.Integer,java.lang.Integer,java.util.Map<java.lang.String, java.lang.Object>)
2018-06-25 19:57:33.941 [main]    INFO  o.s.w.s.m.m.a.RequestMappingHandlerMapping - Mapped "{[/admin/udate],methods=[GET]}" onto public org.springframework.web.servlet.ModelAndView com.yuhao.sell.controller.AdminController.udate(java.lang.Integer,java.lang.Integer,java.util.Map<java.lang.String, java.lang.Object>)
2018-06-25 19:57:33.941 [main]    INFO  o.s.w.s.m.m.a.RequestMappingHandlerMapping - Mapped "{[/admin/rdate],methods=[GET]}" onto public org.springframework.web.servlet.ModelAndView com.yuhao.sell.controller.AdminController.rdate(java.lang.Integer,java.lang.Integer,java.util.Map<java.lang.String, java.lang.Object>)
2018-06-25 19:57:33.941 [main]    INFO  o.s.w.s.m.m.a.RequestMappingHandlerMapping - Mapped "{[/admin/trial],methods=[POST]}" onto public org.springframework.web.servlet.ModelAndView com.yuhao.sell.controller.AdminController.trial(java.lang.String,java.lang.Integer,java.util.Map<java.lang.String, java.lang.Object>)
2018-06-25 19:57:33.941 [main]    INFO  o.s.w.s.m.m.a.RequestMappingHandlerMapping - Mapped "{[/admin/strial],methods=[POST]}" onto public org.springframework.web.servlet.ModelAndView com.yuhao.sell.controller.AdminController.strial(java.lang.String,java.util.Map<java.lang.String, java.lang.Object>)
2018-06-25 19:57:33.942 [main]    INFO  o.s.w.s.m.m.a.RequestMappingHandlerMapping - Mapped "{[/admin/suse],methods=[POST]}" onto public org.springframework.web.servlet.ModelAndView com.yuhao.sell.controller.AdminController.suse(java.lang.String,java.util.Map<java.lang.String, java.lang.Object>)
2018-06-25 19:57:33.946 [main]    INFO  o.s.w.s.m.m.a.RequestMappingHandlerMapping - Mapped "{[/admin/modifyPwd],methods=[GET]}" onto public org.springframework.web.servlet.ModelAndView com.yuhao.sell.controller.BaseController.modifyPwd()
2018-06-25 19:57:33.946 [main]    INFO  o.s.w.s.m.m.a.RequestMappingHandlerMapping - Mapped "{[/admin/Modification],methods=[GET]}" onto public org.springframework.web.servlet.ModelAndView com.yuhao.sell.controller.BaseController.Modification()
2018-06-25 19:57:33.946 [main]    INFO  o.s.w.s.m.m.a.RequestMappingHandlerMapping - Mapped "{[/admin/onModify],methods=[POST]}" onto public org.springframework.web.servlet.ModelAndView com.yuhao.sell.controller.BaseController.onModify(java.lang.String,java.lang.String,java.lang.String,java.lang.String,java.util.Map<java.lang.String, java.lang.Object>)
2018-06-25 19:57:33.946 [main]    INFO  o.s.w.s.m.m.a.RequestMappingHandlerMapping - Mapped "{[/admin/onAdminLogin],methods=[GET]}" onto public org.springframework.web.servlet.ModelAndView com.yuhao.sell.controller.BaseController.onLogin()
2018-06-25 19:57:33.947 [main]    INFO  o.s.w.s.m.m.a.RequestMappingHandlerMapping - Mapped "{[/admin/search],methods=[GET]}" onto public org.springframework.web.servlet.ModelAndView com.yuhao.sell.controller.BaseController.Search(java.lang.String,java.lang.String,java.lang.String)
2018-06-25 19:57:33.947 [main]    INFO  o.s.w.s.m.m.a.RequestMappingHandlerMapping - Mapped "{[/admin/onPwd],methods=[POST]}" onto public org.springframework.web.servlet.ModelAndView com.yuhao.sell.controller.BaseController.onPwd(java.lang.String,java.lang.String,java.lang.String,java.util.Map<java.lang.String, java.lang.Object>)
2018-06-25 19:57:33.947 [main]    INFO  o.s.w.s.m.m.a.RequestMappingHandlerMapping - Mapped "{[/admin/identifying],methods=[POST]}" onto public void com.yuhao.sell.controller.BaseController.identifying(java.lang.String)
2018-06-25 19:57:33.947 [main]    INFO  o.s.w.s.m.m.a.RequestMappingHandlerMapping - Mapped "{[/admin/AdminLogin],methods=[POST]}" onto public org.springframework.web.servlet.ModelAndView com.yuhao.sell.controller.BaseController.adminLogin(java.lang.String,java.lang.String,javax.servlet.http.HttpServletResponse,java.util.Map<java.lang.String, java.lang.Object>)
2018-06-25 19:57:33.948 [main]    INFO  o.s.w.s.m.m.a.RequestMappingHandlerMapping - Mapped "{[/admin/logout],methods=[GET]}" onto public org.springframework.web.servlet.ModelAndView com.yuhao.sell.controller.BaseController.logout(javax.servlet.http.HttpServletRequest,javax.servlet.http.HttpServletResponse,java.util.Map<java.lang.String, java.lang.Object>)
2018-06-25 19:57:33.948 [main]    INFO  o.s.w.s.m.m.a.RequestMappingHandlerMapping - Mapped "{[/admin/sellerRegister],methods=[POST]}" onto public org.springframework.web.servlet.ModelAndView com.yuhao.sell.controller.BaseController.sellerRegister(com.yuhao.sell.model.SellerInfo,org.springframework.validation.BindingResult,org.springframework.web.multipart.MultipartFile,java.lang.String,java.util.Map<java.lang.String, java.lang.Object>)
2018-06-25 19:57:33.949 [main]    INFO  o.s.w.s.m.m.a.RequestMappingHandlerMapping - Mapped "{[/buyer/order/create],methods=[POST]}" onto public com.yuhao.sell.VO.ResultVO<java.util.Map<java.lang.String, java.lang.String>> com.yuhao.sell.controller.BuyerOrderController.create(com.yuhao.sell.form.OrderForm,org.springframework.validation.BindingResult)
2018-06-25 19:57:33.950 [main]    INFO  o.s.w.s.m.m.a.RequestMappingHandlerMapping - Mapped "{[/buyer/order/list],methods=[GET]}" onto public com.yuhao.sell.VO.ResultVO<java.util.List<com.yuhao.sell.dto.OrderDTO>> com.yuhao.sell.controller.BuyerOrderController.list(java.lang.String,java.lang.Integer,java.lang.Integer,java.lang.String)
2018-06-25 19:57:33.950 [main]    INFO  o.s.w.s.m.m.a.RequestMappingHandlerMapping - Mapped "{[/buyer/order/cancel],methods=[POST]}" onto public com.yuhao.sell.VO.ResultVO com.yuhao.sell.controller.BuyerOrderController.cancel(java.lang.String,java.lang.String)
2018-06-25 19:57:33.950 [main]    INFO  o.s.w.s.m.m.a.RequestMappingHandlerMapping - Mapped "{[/buyer/order/detail],methods=[GET]}" onto public com.yuhao.sell.VO.ResultVO<com.yuhao.sell.dto.OrderDTO> com.yuhao.sell.controller.BuyerOrderController.detail(java.lang.String,java.lang.String)
2018-06-25 19:57:33.951 [main]    INFO  o.s.w.s.m.m.a.RequestMappingHandlerMapping - Mapped "{[/buyer/product/list],methods=[GET]}" onto public com.yuhao.sell.VO.ResultVO com.yuhao.sell.controller.BuyerProductController.list(java.lang.String)
2018-06-25 19:57:33.951 [main]    INFO  o.s.w.s.m.m.a.RequestMappingHandlerMapping - Mapped "{[/pay/notify],methods=[POST]}" onto public org.springframework.web.servlet.ModelAndView com.yuhao.sell.controller.PayController.notify(java.lang.String)
2018-06-25 19:57:33.952 [main]    INFO  o.s.w.s.m.m.a.RequestMappingHandlerMapping - Mapped "{[/pay/create],methods=[GET]}" onto public org.springframework.web.servlet.ModelAndView com.yuhao.sell.controller.PayController.create(java.lang.String,java.lang.String,java.util.Map<java.lang.String, java.lang.Object>)
2018-06-25 19:57:33.953 [main]    INFO  o.s.w.s.m.m.a.RequestMappingHandlerMapping - Mapped "{[/seller/category/index],methods=[GET]}" onto public com.yuhao.sell.model.ProductCategory com.yuhao.sell.controller.SellerCategoryController.index(java.lang.Integer)
2018-06-25 19:57:33.953 [main]    INFO  o.s.w.s.m.m.a.RequestMappingHandlerMapping - Mapped "{[/seller/category/delete],methods=[GET]}" onto public java.util.Map<java.lang.String, java.lang.Integer> com.yuhao.sell.controller.SellerCategoryController.delete(java.lang.Integer,java.lang.Integer)
2018-06-25 19:57:33.953 [main]    INFO  o.s.w.s.m.m.a.RequestMappingHandlerMapping - Mapped "{[/seller/category/list],methods=[GET]}" onto public org.springframework.web.servlet.ModelAndView com.yuhao.sell.controller.SellerCategoryController.list(java.util.Map<java.lang.String, java.lang.Object>)
2018-06-25 19:57:33.953 [main]    INFO  o.s.w.s.m.m.a.RequestMappingHandlerMapping - Mapped "{[/seller/category/save],methods=[POST]}" onto public org.springframework.web.servlet.ModelAndView com.yuhao.sell.controller.SellerCategoryController.save(com.yuhao.sell.form.CategoryForm,org.springframework.validation.BindingResult,java.util.Map<java.lang.String, java.lang.Object>)
2018-06-25 19:57:33.954 [main]    INFO  o.s.w.s.m.m.a.RequestMappingHandlerMapping - Mapped "{[/seller/finance/month],methods=[GET]}" onto public org.springframework.web.servlet.ModelAndView com.yuhao.sell.controller.SellerfinanceController.month(java.lang.Integer,java.lang.Integer,java.util.Map<java.lang.String, java.lang.Object>)
2018-06-25 19:57:33.955 [main]    INFO  o.s.w.s.m.m.a.RequestMappingHandlerMapping - Mapped "{[/seller/finance/day],methods=[GET]}" onto public org.springframework.web.servlet.ModelAndView com.yuhao.sell.controller.SellerfinanceController.day(java.lang.Integer,java.lang.Integer,java.util.Map<java.lang.String, java.lang.Object>)
2018-06-25 19:57:33.955 [main]    INFO  o.s.w.s.m.m.a.RequestMappingHandlerMapping - Mapped "{[/seller/finance/week],methods=[GET]}" onto public org.springframework.web.servlet.ModelAndView com.yuhao.sell.controller.SellerfinanceController.week(java.lang.Integer,java.lang.Integer,java.util.Map<java.lang.String, java.lang.Object>)
2018-06-25 19:57:33.956 [main]    INFO  o.s.w.s.m.m.a.RequestMappingHandlerMapping - Mapped "{[/seller/order/list],methods=[GET]}" onto public org.springframework.web.servlet.ModelAndView com.yuhao.sell.controller.SellerOrderController.list(java.lang.Integer,java.lang.Integer,java.lang.String,java.util.Map<java.lang.String, java.lang.Object>)
2018-06-25 19:57:33.956 [main]    INFO  o.s.w.s.m.m.a.RequestMappingHandlerMapping - Mapped "{[/seller/order/detail],methods=[GET]}" onto public com.yuhao.sell.dto.OrderDTO com.yuhao.sell.controller.SellerOrderController.detail(java.lang.String)
2018-06-25 19:57:33.956 [main]    INFO  o.s.w.s.m.m.a.RequestMappingHandlerMapping - Mapped "{[/seller/order/sellerDetail],methods=[GET]}" onto public org.springframework.web.servlet.ModelAndView com.yuhao.sell.controller.SellerOrderController.sellerDetail(java.util.Map<java.lang.String, java.lang.Object>)
2018-06-25 19:57:33.957 [main]    INFO  o.s.w.s.m.m.a.RequestMappingHandlerMapping - Mapped "{[/seller/product/index],methods=[GET]}" onto public org.springframework.web.servlet.ModelAndView com.yuhao.sell.controller.SellerProductController.index(java.lang.String,java.util.Map<java.lang.String, java.lang.Object>)
2018-06-25 19:57:33.958 [main]    INFO  o.s.w.s.m.m.a.RequestMappingHandlerMapping - Mapped "{[/seller/product/delete]}" onto public org.springframework.web.servlet.ModelAndView com.yuhao.sell.controller.SellerProductController.delete(java.lang.String,java.util.Map<java.lang.String, java.lang.Object>)
2018-06-25 19:57:33.958 [main]    INFO  o.s.w.s.m.m.a.RequestMappingHandlerMapping - Mapped "{[/seller/product/list],methods=[GET]}" onto public org.springframework.web.servlet.ModelAndView com.yuhao.sell.controller.SellerProductController.list(java.lang.Integer,java.lang.Integer,java.util.Map<java.lang.String, java.lang.Object>)
2018-06-25 19:57:33.958 [main]    INFO  o.s.w.s.m.m.a.RequestMappingHandlerMapping - Mapped "{[/seller/product/save],methods=[POST]}" onto public org.springframework.web.servlet.ModelAndView com.yuhao.sell.controller.SellerProductController.save(com.yuhao.sell.form.ProductForm,org.springframework.validation.BindingResult,java.util.Map<java.lang.String, java.lang.Object>,org.springframework.web.multipart.MultipartFile) throws java.io.IOException
2018-06-25 19:57:33.959 [main]    INFO  o.s.w.s.m.m.a.RequestMappingHandlerMapping - Mapped "{[/seller/product/on_sale]}" onto public org.springframework.web.servlet.ModelAndView com.yuhao.sell.controller.SellerProductController.onSale(java.lang.String,java.util.Map<java.lang.String, java.lang.Object>)
2018-06-25 19:57:33.959 [main]    INFO  o.s.w.s.m.m.a.RequestMappingHandlerMapping - Mapped "{[/seller/product/off_sale]}" onto public org.springframework.web.servlet.ModelAndView com.yuhao.sell.controller.SellerProductController.offSale(java.lang.String,java.util.Map<java.lang.String, java.lang.Object>)
2018-06-25 19:57:33.962 [main]    INFO  o.s.w.s.m.m.a.RequestMappingHandlerMapping - Mapped "{[/seller/onSellerRegister],methods=[GET]}" onto public org.springframework.web.servlet.ModelAndView com.yuhao.sell.controller.SellerUserController.register()
2018-06-25 19:57:33.963 [main]    INFO  o.s.w.s.m.m.a.RequestMappingHandlerMapping - Mapped "{[/seller/save],methods=[POST]}" onto public org.springframework.web.servlet.ModelAndView com.yuhao.sell.controller.SellerUserController.save(java.lang.String,java.lang.String,java.lang.String,java.lang.String,java.lang.String,float,java.lang.String,java.util.Map<java.lang.String, java.lang.Object>)
2018-06-25 19:57:33.963 [main]    INFO  o.s.w.s.m.m.a.RequestMappingHandlerMapping - Mapped "{[/seller/detail],methods=[GET]}" onto public org.springframework.web.servlet.ModelAndView com.yuhao.sell.controller.SellerUserController.detail(java.util.Map<java.lang.String, java.lang.Object>)
2018-06-25 19:57:33.963 [main]    INFO  o.s.w.s.m.m.a.RequestMappingHandlerMapping - Mapped "{[/seller/banner],methods=[GET]}" onto public org.springframework.web.servlet.ModelAndView com.yuhao.sell.controller.SellerUserController.banner()
2018-06-25 19:57:33.963 [main]    INFO  o.s.w.s.m.m.a.RequestMappingHandlerMapping - Mapped "{[/seller/onSellerLogin],methods=[GET]}" onto public org.springframework.web.servlet.ModelAndView com.yuhao.sell.controller.SellerUserController.onLogin()
2018-06-25 19:57:33.964 [main]    INFO  o.s.w.s.m.m.a.RequestMappingHandlerMapping - Mapped "{[/seller/sellerLogin],methods=[POST]}" onto public org.springframework.web.servlet.ModelAndView com.yuhao.sell.controller.SellerUserController.adminLogin(java.lang.String,java.lang.String,javax.servlet.http.HttpServletResponse,java.util.Map<java.lang.String, java.lang.Object>)
2018-06-25 19:57:33.964 [main]    INFO  o.s.w.s.m.m.a.RequestMappingHandlerMapping - Mapped "{[/seller/logout],methods=[GET]}" onto public org.springframework.web.servlet.ModelAndView com.yuhao.sell.controller.SellerUserController.logout(javax.servlet.http.HttpServletRequest,javax.servlet.http.HttpServletResponse,java.util.Map<java.lang.String, java.lang.Object>)
2018-06-25 19:57:33.964 [main]    INFO  o.s.w.s.m.m.a.RequestMappingHandlerMapping - Mapped "{[/seller/login],methods=[GET]}" onto public org.springframework.web.servlet.ModelAndView com.yuhao.sell.controller.SellerUserController.login(java.lang.String,javax.servlet.http.HttpServletResponse,java.util.Map<java.lang.String, java.lang.Object>)
2018-06-25 19:57:33.965 [main]    INFO  o.s.w.s.m.m.a.RequestMappingHandlerMapping - Mapped "{[/wechat/userInfo],methods=[GET]}" onto public java.lang.String com.yuhao.sell.controller.WeChatController.userInfo(java.lang.String,java.lang.String)
2018-06-25 19:57:33.965 [main]    INFO  o.s.w.s.m.m.a.RequestMappingHandlerMapping - Mapped "{[/wechat/qrUserInfo],methods=[GET]}" onto public java.lang.String com.yuhao.sell.controller.WeChatController.qrUserInfo(java.lang.String,java.lang.String)
2018-06-25 19:57:33.966 [main]    INFO  o.s.w.s.m.m.a.RequestMappingHandlerMapping - Mapped "{[/wechat/authorize],methods=[GET]}" onto public java.lang.String com.yuhao.sell.controller.WeChatController.authorize(java.lang.String)
2018-06-25 19:57:33.966 [main]    INFO  o.s.w.s.m.m.a.RequestMappingHandlerMapping - Mapped "{[/wechat/qrAuthorize],methods=[GET]}" onto public java.lang.String com.yuhao.sell.controller.WeChatController.qrAuthorize(java.lang.String)
2018-06-25 19:57:33.966 [main]    INFO  o.s.w.s.m.m.a.RequestMappingHandlerMapping - Mapped "{[/wx/auth],methods=[GET]}" onto public void com.yuhao.sell.controller.WxController.auth(java.lang.String)
2018-06-25 19:57:33.970 [main]    INFO  o.s.w.s.m.m.a.RequestMappingHandlerMapping - Mapped "{[/error]}" onto public org.springframework.http.ResponseEntity<java.util.Map<java.lang.String, java.lang.Object>> org.springframework.boot.autoconfigure.web.servlet.error.BasicErrorController.error(javax.servlet.http.HttpServletRequest)
2018-06-25 19:57:33.970 [main]    INFO  o.s.w.s.m.m.a.RequestMappingHandlerMapping - Mapped "{[/error],produces=[text/html]}" onto public org.springframework.web.servlet.ModelAndView org.springframework.boot.autoconfigure.web.servlet.error.BasicErrorController.errorHtml(javax.servlet.http.HttpServletRequest,javax.servlet.http.HttpServletResponse)
2018-06-25 19:57:34.018 [main]    INFO  o.s.w.s.h.SimpleUrlHandlerMapping - Mapped URL path [/webjars/**] onto handler of type [class org.springframework.web.servlet.resource.ResourceHttpRequestHandler]
2018-06-25 19:57:34.018 [main]    INFO  o.s.w.s.h.SimpleUrlHandlerMapping - Mapped URL path [/**] onto handler of type [class org.springframework.web.servlet.resource.ResourceHttpRequestHandler]
2018-06-25 19:57:34.037 [main]    INFO  o.s.w.s.m.m.a.ExceptionHandlerExceptionResolver - Detected @ExceptionHandler methods in sellExceptionHandler
2018-06-25 19:57:34.082 [main]    INFO  o.s.w.s.h.SimpleUrlHandlerMapping - Mapped URL path [/**/favicon.ico] onto handler of type [class org.springframework.web.servlet.resource.ResourceHttpRequestHandler]
2018-06-25 19:57:34.920 [main]    INFO  o.s.w.s.v.f.FreeMarkerConfigurer - ClassTemplateLoader for Spring macros added to FreeMarker configuration
2018-06-25 19:57:35.081 [main]    INFO  o.s.w.s.s.s.ServerEndpointExporter - Registering @ServerEndpoint class: class com.yuhao.sell.service.WebSocket
2018-06-25 19:57:35.090 [main]    INFO  o.s.j.e.a.AnnotationMBeanExporter - Registering beans for JMX exposure on startup
2018-06-25 19:57:35.092 [main]    INFO  o.s.j.e.a.AnnotationMBeanExporter - Bean with name 'dataSource' has been autodetected for JMX exposure
2018-06-25 19:57:35.098 [main]    INFO  o.s.j.e.a.AnnotationMBeanExporter - Located MBean 'dataSource': registering with JMX server as MBean [com.zaxxer.hikari:name=dataSource,type=HikariDataSource]
2018-06-25 19:57:35.110 [main]    INFO  o.s.s.a.ScheduledAnnotationBeanPostProcessor - No TaskScheduler/ScheduledExecutorService bean found for scheduled processing
2018-06-25 19:57:35.120 [main]    INFO  o.a.coyote.http11.Http11NioProtocol - Starting ProtocolHandler ["http-nio-8080"]
2018-06-25 19:57:35.135 [main]    INFO  o.a.tomcat.util.net.NioSelectorPool - Using a shared selector for servlet write/read
2018-06-25 19:57:35.155 [main]    INFO  o.s.b.w.e.tomcat.TomcatWebServer - Tomcat started on port(s): 8080 (http) with context path '/sell'
2018-06-25 19:57:35.157 [main]    INFO  com.yuhao.sell.SellApplication - Started SellApplication in 8.364 seconds (JVM running for 10.236)
2018-06-25 19:57:53.251 [http-nio-8080-exec-1]    INFO  o.a.c.c.C.[.[localhost].[/sell] - Initializing Spring FrameworkServlet 'dispatcherServlet'
2018-06-25 19:57:53.251 [http-nio-8080-exec-1]    INFO  o.s.web.servlet.DispatcherServlet - FrameworkServlet 'dispatcherServlet': initialization started
2018-06-25 19:57:53.272 [http-nio-8080-exec-1]    INFO  o.s.web.servlet.DispatcherServlet - FrameworkServlet 'dispatcherServlet': initialization completed in 21 ms
2018-06-25 20:00:56.825 [main]    INFO  com.yuhao.sell.SellApplication - Starting SellApplication on JZRMMHQ7IIJQ3E6 with PID 5336 (started by 葳蕤 in I:\微信支付\SellTow\sell)
2018-06-25 20:00:56.830 [main]    INFO  com.yuhao.sell.SellApplication - No active profile set, falling back to default profiles: default
2018-06-25 20:00:57.028 [main]    INFO  o.s.b.w.s.c.AnnotationConfigServletWebServerApplicationContext - Refreshing org.springframework.boot.web.servlet.context.AnnotationConfigServletWebServerApplicationContext@49049a04: startup date [Mon Jun 25 20:00:57 CST 2018]; root of context hierarchy
2018-06-25 20:00:57.817 [main]    WARN  o.m.s.mapper.ClassPathMapperScanner - No MyBatis mapper was found in '[com.yuhao.sell]' package. Please check your configuration.
2018-06-25 20:00:57.850 [main]    INFO  o.s.d.r.c.RepositoryConfigurationDelegate - Multiple Spring Data modules found, entering strict repository configuration mode!
2018-06-25 20:00:57.946 [main]    INFO  o.s.d.r.c.RepositoryConfigurationDelegate - Multiple Spring Data modules found, entering strict repository configuration mode!
2018-06-25 20:00:57.965 [main]    INFO  o.s.d.r.c.RepositoryConfigurationExtensionSupport - Spring Data Redis - Could not safely identify store assignment for repository candidate interface com.yuhao.sell.dao.AdminDAO.
2018-06-25 20:00:57.967 [main]    INFO  o.s.d.r.c.RepositoryConfigurationExtensionSupport - Spring Data Redis - Could not safely identify store assignment for repository candidate interface com.yuhao.sell.dao.OrderDetailDAO.
2018-06-25 20:00:57.968 [main]    INFO  o.s.d.r.c.RepositoryConfigurationExtensionSupport - Spring Data Redis - Could not safely identify store assignment for repository candidate interface com.yuhao.sell.dao.OrderMasterDAO.
2018-06-25 20:00:57.968 [main]    INFO  o.s.d.r.c.RepositoryConfigurationExtensionSupport - Spring Data Redis - Could not safely identify store assignment for repository candidate interface com.yuhao.sell.dao.ProductCategoryDAO.
2018-06-25 20:00:57.968 [main]    INFO  o.s.d.r.c.RepositoryConfigurationExtensionSupport - Spring Data Redis - Could not safely identify store assignment for repository candidate interface com.yuhao.sell.dao.ProductInfoDAO.
2018-06-25 20:00:57.969 [main]    INFO  o.s.d.r.c.RepositoryConfigurationExtensionSupport - Spring Data Redis - Could not safely identify store assignment for repository candidate interface com.yuhao.sell.dao.SellerInfoDAO.
2018-06-25 20:00:58.241 [main]    INFO  o.s.b.f.a.AutowiredAnnotationBeanPostProcessor - JSR-330 'javax.inject.Inject' annotation found and supported for autowiring
2018-06-25 20:00:58.403 [main]    INFO  o.s.c.s.PostProcessorRegistrationDelegate$BeanPostProcessorChecker - Bean 'org.springframework.transaction.annotation.ProxyTransactionManagementConfiguration' of type [org.springframework.transaction.annotation.ProxyTransactionManagementConfiguration$$EnhancerBySpringCGLIB$$ee1d64aa] is not eligible for getting processed by all BeanPostProcessors (for example: not eligible for auto-proxying)
2018-06-25 20:00:58.812 [main]    INFO  o.s.b.w.e.tomcat.TomcatWebServer - Tomcat initialized with port(s): 8080 (http)
2018-06-25 20:00:58.825 [main]    INFO  o.a.coyote.http11.Http11NioProtocol - Initializing ProtocolHandler ["http-nio-8080"]
2018-06-25 20:00:58.838 [main]    INFO  o.a.catalina.core.StandardService - Starting service [Tomcat]
2018-06-25 20:00:58.838 [main]    INFO  o.a.catalina.core.StandardEngine - Starting Servlet Engine: Apache Tomcat/8.5.28
2018-06-25 20:00:58.843 [localhost-startStop-1]    INFO  o.a.c.core.AprLifecycleListener - The APR based Apache Tomcat Native library which allows optimal performance in production environments was not found on the java.library.path: [C:\Program Files\Java\jdk1.8.0_51\bin;C:\Windows\Sun\Java\bin;C:\Windows\system32;C:\Windows;F:\blockchain\nodejs;C:\Ruby25-x64\bin;%MYSQL_HOME%\bin;G:\git\Git\bin;H:\python3\Scripts;H:\Python3;C:\Program Files\Java\jdk1.8.0_51\bin;C:\ProgramData\Oracle\Java\javapath;C:\Windows\system32;C:\Windows;C:\Windows\System32\Wbem;C:\Windows\System32\WindowsPowerShell\v1.0\;C:\Program Files (x86)\NVIDIA Corporation\PhysX\Common;C:\Program Files\Microsoft\Web Platform Installer\;C:\Program Files (x86)\Microsoft ASP.NET\ASP.NET Web Pages\v1.0\;C:\Users\Administrator\Desktop\sql备份\apache-maven-3.5.2\bin;I;\apache\apache-tomcat-7.0.53\bin;F:\WAMP\wamp64\bin\php\php5.6.31\;I:\GitHubSource\apache-maven-3.5.3\bin;G:\Git\cmd;F:\blockchain\nodejs;D:\Anaconda3;D:\Anaconda3\Library\mingw-w64\bin;D:\Anaconda3\Library\usr\bin;D:\Anaconda3\Library\bin;D:\Anaconda3\Scripts;C:\Users\Administrator\AppData\Local\GitHubDesktop\bin;C:\Users\Administrator\AppData\Roaming\npm;.]
2018-06-25 20:00:59.099 [localhost-startStop-1]    INFO  o.a.c.c.C.[.[localhost].[/sell] - Initializing Spring embedded WebApplicationContext
2018-06-25 20:00:59.100 [localhost-startStop-1]    INFO  o.s.web.context.ContextLoader - Root WebApplicationContext: initialization completed in 2072 ms
2018-06-25 20:00:59.244 [localhost-startStop-1]    INFO  o.s.b.w.s.ServletRegistrationBean - Servlet dispatcherServlet mapped to [/]
2018-06-25 20:00:59.249 [localhost-startStop-1]    INFO  o.s.b.w.s.FilterRegistrationBean - Mapping filter: 'characterEncodingFilter' to: [/*]
2018-06-25 20:00:59.249 [localhost-startStop-1]    INFO  o.s.b.w.s.FilterRegistrationBean - Mapping filter: 'hiddenHttpMethodFilter' to: [/*]
2018-06-25 20:00:59.249 [localhost-startStop-1]    INFO  o.s.b.w.s.FilterRegistrationBean - Mapping filter: 'httpPutFormContentFilter' to: [/*]
2018-06-25 20:00:59.249 [localhost-startStop-1]    INFO  o.s.b.w.s.FilterRegistrationBean - Mapping filter: 'requestContextFilter' to: [/*]
2018-06-25 20:00:59.398 [main]    INFO  com.zaxxer.hikari.HikariDataSource - HikariPool-1 - Starting...
2018-06-25 20:00:59.561 [main]    INFO  com.zaxxer.hikari.HikariDataSource - HikariPool-1 - Start completed.
2018-06-25 20:00:59.604 [main]    INFO  o.s.o.j.LocalContainerEntityManagerFactoryBean - Building JPA container EntityManagerFactory for persistence unit 'default'
2018-06-25 20:00:59.617 [main]    INFO  o.h.jpa.internal.util.LogHelper - HHH000204: Processing PersistenceUnitInfo [
	name: default
	...]
2018-06-25 20:00:59.684 [main]    INFO  org.hibernate.Version - HHH000412: Hibernate Core {5.2.14.Final}
2018-06-25 20:00:59.686 [main]    INFO  org.hibernate.cfg.Environment - HHH000206: hibernate.properties not found
2018-06-25 20:00:59.728 [main]    INFO  o.h.annotations.common.Version - HCANN000001: Hibernate Commons Annotations {5.0.1.Final}
2018-06-25 20:00:59.861 [main]    INFO  org.hibernate.dialect.Dialect - HHH000400: Using dialect: org.hibernate.dialect.MySQL5Dialect
2018-06-25 20:01:00.371 [main]    INFO  o.s.o.j.LocalContainerEntityManagerFactoryBean - Initialized JPA EntityManagerFactory for persistence unit 'default'
2018-06-25 20:01:02.063 [main]    INFO  o.s.w.s.m.m.a.RequestMappingHandlerAdapter - Looking for @ControllerAdvice: org.springframework.boot.web.servlet.context.AnnotationConfigServletWebServerApplicationContext@49049a04: startup date [Mon Jun 25 20:00:57 CST 2018]; root of context hierarchy
2018-06-25 20:01:02.097 [main]    WARN  o.s.b.a.o.j.JpaBaseConfiguration$JpaWebConfiguration$JpaWebMvcConfiguration - spring.jpa.open-in-view is enabled by default. Therefore, database queries may be performed during view rendering. Explicitly configure spring.jpa.open-in-view to disable this warning
2018-06-25 20:01:02.134 [main]    INFO  o.s.w.s.m.m.a.RequestMappingHandlerMapping - Mapped "{[/admin/list],methods=[GET]}" onto public org.springframework.web.servlet.ModelAndView com.yuhao.sell.controller.AdminController.list(java.lang.Integer,java.lang.Integer,java.util.Map<java.lang.String, java.lang.Object>)
2018-06-25 20:01:02.135 [main]    INFO  o.s.w.s.m.m.a.RequestMappingHandlerMapping - Mapped "{[/admin/search],methods=[POST]}" onto public org.springframework.web.servlet.ModelAndView com.yuhao.sell.controller.AdminController.search(java.lang.String,java.util.Map<java.lang.String, java.lang.Object>)
2018-06-25 20:01:02.136 [main]    INFO  o.s.w.s.m.m.a.RequestMappingHandlerMapping - Mapped "{[/admin/visit],methods=[GET]}" onto public org.springframework.web.servlet.ModelAndView com.yuhao.sell.controller.AdminController.visit(java.lang.Integer,java.lang.Integer,java.lang.Integer,java.util.Map<java.lang.String, java.lang.Object>)
2018-06-25 20:01:02.136 [main]    INFO  o.s.w.s.m.m.a.RequestMappingHandlerMapping - Mapped "{[/admin/detail],methods=[GET]}" onto public org.springframework.web.servlet.ModelAndView com.yuhao.sell.controller.AdminController.detail(java.lang.String,java.util.Map<java.lang.String, java.lang.Object>)
2018-06-25 20:01:02.136 [main]    INFO  o.s.w.s.m.m.a.RequestMappingHandlerMapping - Mapped "{[/admin/use],methods=[POST]}" onto public org.springframework.web.servlet.ModelAndView com.yuhao.sell.controller.AdminController.use(java.lang.String,java.lang.Integer,java.util.Map<java.lang.String, java.lang.Object>)
2018-06-25 20:01:02.137 [main]    INFO  o.s.w.s.m.m.a.RequestMappingHandlerMapping - Mapped "{[/admin/hello],methods=[GET]}" onto public java.lang.String com.yuhao.sell.controller.AdminController.hello()
2018-06-25 20:01:02.137 [main]    INFO  o.s.w.s.m.m.a.RequestMappingHandlerMapping - Mapped "{[/admin/alllist],methods=[GET]}" onto public org.springframework.web.servlet.ModelAndView com.yuhao.sell.controller.AdminController.alllist(java.lang.Integer,java.lang.Integer,java.util.Map<java.lang.String, java.lang.Object>)
2018-06-25 20:01:02.137 [main]    INFO  o.s.w.s.m.m.a.RequestMappingHandlerMapping - Mapped "{[/admin/rlist],methods=[GET]}" onto public org.springframework.web.servlet.ModelAndView com.yuhao.sell.controller.AdminController.rlist(java.lang.Integer,java.lang.Integer,java.util.Map<java.lang.String, java.lang.Object>)
2018-06-25 20:01:02.137 [main]    INFO  o.s.w.s.m.m.a.RequestMappingHandlerMapping - Mapped "{[/admin/sellerdetail],methods=[GET]}" onto public org.springframework.web.servlet.ModelAndView com.yuhao.sell.controller.AdminController.sellerdetail(java.lang.String,java.util.Map<java.lang.String, java.lang.Object>)
2018-06-25 20:01:02.138 [main]    INFO  o.s.w.s.m.m.a.RequestMappingHandlerMapping - Mapped "{[/admin/examineOk],methods=[GET]}" onto public org.springframework.web.servlet.ModelAndView com.yuhao.sell.controller.AdminController.examineOk(java.lang.String,java.util.Map<java.lang.String, java.lang.Object>)
2018-06-25 20:01:02.138 [main]    INFO  o.s.w.s.m.m.a.RequestMappingHandlerMapping - Mapped "{[/admin/examineNot],methods=[GET]}" onto public org.springframework.web.servlet.ModelAndView com.yuhao.sell.controller.AdminController.examineNot(java.lang.String,java.util.Map<java.lang.String, java.lang.Object>)
2018-06-25 20:01:02.138 [main]    INFO  o.s.w.s.m.m.a.RequestMappingHandlerMapping - Mapped "{[/admin/turnover],methods=[GET]}" onto public org.springframework.web.servlet.ModelAndView com.yuhao.sell.controller.AdminController.turnover(java.lang.Integer,java.lang.Integer,java.lang.Integer,java.util.Map<java.lang.String, java.lang.Object>)
2018-06-25 20:01:02.139 [main]    INFO  o.s.w.s.m.m.a.RequestMappingHandlerMapping - Mapped "{[/admin/visit0],methods=[GET]}" onto public org.springframework.web.servlet.ModelAndView com.yuhao.sell.controller.AdminController.visit0(java.lang.Integer,java.lang.Integer,java.lang.Integer,java.util.Map<java.lang.String, java.lang.Object>)
2018-06-25 20:01:02.139 [main]    INFO  o.s.w.s.m.m.a.RequestMappingHandlerMapping - Mapped "{[/admin/udate],methods=[GET]}" onto public org.springframework.web.servlet.ModelAndView com.yuhao.sell.controller.AdminController.udate(java.lang.Integer,java.lang.Integer,java.util.Map<java.lang.String, java.lang.Object>)
2018-06-25 20:01:02.139 [main]    INFO  o.s.w.s.m.m.a.RequestMappingHandlerMapping - Mapped "{[/admin/rdate],methods=[GET]}" onto public org.springframework.web.servlet.ModelAndView com.yuhao.sell.controller.AdminController.rdate(java.lang.Integer,java.lang.Integer,java.util.Map<java.lang.String, java.lang.Object>)
2018-06-25 20:01:02.140 [main]    INFO  o.s.w.s.m.m.a.RequestMappingHandlerMapping - Mapped "{[/admin/trial],methods=[POST]}" onto public org.springframework.web.servlet.ModelAndView com.yuhao.sell.controller.AdminController.trial(java.lang.String,java.lang.Integer,java.util.Map<java.lang.String, java.lang.Object>)
2018-06-25 20:01:02.140 [main]    INFO  o.s.w.s.m.m.a.RequestMappingHandlerMapping - Mapped "{[/admin/strial],methods=[POST]}" onto public org.springframework.web.servlet.ModelAndView com.yuhao.sell.controller.AdminController.strial(java.lang.String,java.util.Map<java.lang.String, java.lang.Object>)
2018-06-25 20:01:02.140 [main]    INFO  o.s.w.s.m.m.a.RequestMappingHandlerMapping - Mapped "{[/admin/suse],methods=[POST]}" onto public org.springframework.web.servlet.ModelAndView com.yuhao.sell.controller.AdminController.suse(java.lang.String,java.util.Map<java.lang.String, java.lang.Object>)
2018-06-25 20:01:02.145 [main]    INFO  o.s.w.s.m.m.a.RequestMappingHandlerMapping - Mapped "{[/admin/modifyPwd],methods=[GET]}" onto public org.springframework.web.servlet.ModelAndView com.yuhao.sell.controller.BaseController.modifyPwd()
2018-06-25 20:01:02.145 [main]    INFO  o.s.w.s.m.m.a.RequestMappingHandlerMapping - Mapped "{[/admin/Modification],methods=[GET]}" onto public org.springframework.web.servlet.ModelAndView com.yuhao.sell.controller.BaseController.Modification()
2018-06-25 20:01:02.146 [main]    INFO  o.s.w.s.m.m.a.RequestMappingHandlerMapping - Mapped "{[/admin/onModify],methods=[POST]}" onto public org.springframework.web.servlet.ModelAndView com.yuhao.sell.controller.BaseController.onModify(java.lang.String,java.lang.String,java.lang.String,java.lang.String,java.util.Map<java.lang.String, java.lang.Object>)
2018-06-25 20:01:02.146 [main]    INFO  o.s.w.s.m.m.a.RequestMappingHandlerMapping - Mapped "{[/admin/onAdminLogin],methods=[GET]}" onto public org.springframework.web.servlet.ModelAndView com.yuhao.sell.controller.BaseController.onLogin()
2018-06-25 20:01:02.146 [main]    INFO  o.s.w.s.m.m.a.RequestMappingHandlerMapping - Mapped "{[/admin/search],methods=[GET]}" onto public org.springframework.web.servlet.ModelAndView com.yuhao.sell.controller.BaseController.Search(java.lang.String,java.lang.String,java.lang.String)
2018-06-25 20:01:02.147 [main]    INFO  o.s.w.s.m.m.a.RequestMappingHandlerMapping - Mapped "{[/admin/onPwd],methods=[POST]}" onto public org.springframework.web.servlet.ModelAndView com.yuhao.sell.controller.BaseController.onPwd(java.lang.String,java.lang.String,java.lang.String,java.util.Map<java.lang.String, java.lang.Object>)
2018-06-25 20:01:02.147 [main]    INFO  o.s.w.s.m.m.a.RequestMappingHandlerMapping - Mapped "{[/admin/identifying],methods=[POST]}" onto public void com.yuhao.sell.controller.BaseController.identifying(java.lang.String)
2018-06-25 20:01:02.147 [main]    INFO  o.s.w.s.m.m.a.RequestMappingHandlerMapping - Mapped "{[/admin/AdminLogin],methods=[POST]}" onto public org.springframework.web.servlet.ModelAndView com.yuhao.sell.controller.BaseController.adminLogin(java.lang.String,java.lang.String,javax.servlet.http.HttpServletResponse,java.util.Map<java.lang.String, java.lang.Object>)
2018-06-25 20:01:02.147 [main]    INFO  o.s.w.s.m.m.a.RequestMappingHandlerMapping - Mapped "{[/admin/logout],methods=[GET]}" onto public org.springframework.web.servlet.ModelAndView com.yuhao.sell.controller.BaseController.logout(javax.servlet.http.HttpServletRequest,javax.servlet.http.HttpServletResponse,java.util.Map<java.lang.String, java.lang.Object>)
2018-06-25 20:01:02.148 [main]    INFO  o.s.w.s.m.m.a.RequestMappingHandlerMapping - Mapped "{[/admin/sellerRegister],methods=[POST]}" onto public org.springframework.web.servlet.ModelAndView com.yuhao.sell.controller.BaseController.sellerRegister(com.yuhao.sell.model.SellerInfo,org.springframework.validation.BindingResult,org.springframework.web.multipart.MultipartFile,java.lang.String,java.util.Map<java.lang.String, java.lang.Object>)
2018-06-25 20:01:02.149 [main]    INFO  o.s.w.s.m.m.a.RequestMappingHandlerMapping - Mapped "{[/buyer/order/create],methods=[POST]}" onto public com.yuhao.sell.VO.ResultVO<java.util.Map<java.lang.String, java.lang.String>> com.yuhao.sell.controller.BuyerOrderController.create(com.yuhao.sell.form.OrderForm,org.springframework.validation.BindingResult)
2018-06-25 20:01:02.149 [main]    INFO  o.s.w.s.m.m.a.RequestMappingHandlerMapping - Mapped "{[/buyer/order/list],methods=[GET]}" onto public com.yuhao.sell.VO.ResultVO<java.util.List<com.yuhao.sell.dto.OrderDTO>> com.yuhao.sell.controller.BuyerOrderController.list(java.lang.String,java.lang.Integer,java.lang.Integer,java.lang.String)
2018-06-25 20:01:02.150 [main]    INFO  o.s.w.s.m.m.a.RequestMappingHandlerMapping - Mapped "{[/buyer/order/cancel],methods=[POST]}" onto public com.yuhao.sell.VO.ResultVO com.yuhao.sell.controller.BuyerOrderController.cancel(java.lang.String,java.lang.String)
2018-06-25 20:01:02.150 [main]    INFO  o.s.w.s.m.m.a.RequestMappingHandlerMapping - Mapped "{[/buyer/order/detail],methods=[GET]}" onto public com.yuhao.sell.VO.ResultVO<com.yuhao.sell.dto.OrderDTO> com.yuhao.sell.controller.BuyerOrderController.detail(java.lang.String,java.lang.String)
2018-06-25 20:01:02.151 [main]    INFO  o.s.w.s.m.m.a.RequestMappingHandlerMapping - Mapped "{[/buyer/product/list],methods=[GET]}" onto public com.yuhao.sell.VO.ResultVO com.yuhao.sell.controller.BuyerProductController.list(java.lang.String)
2018-06-25 20:01:02.152 [main]    INFO  o.s.w.s.m.m.a.RequestMappingHandlerMapping - Mapped "{[/pay/notify],methods=[POST]}" onto public org.springframework.web.servlet.ModelAndView com.yuhao.sell.controller.PayController.notify(java.lang.String)
2018-06-25 20:01:02.152 [main]    INFO  o.s.w.s.m.m.a.RequestMappingHandlerMapping - Mapped "{[/pay/create],methods=[GET]}" onto public org.springframework.web.servlet.ModelAndView com.yuhao.sell.controller.PayController.create(java.lang.String,java.lang.String,java.util.Map<java.lang.String, java.lang.Object>)
2018-06-25 20:01:02.153 [main]    INFO  o.s.w.s.m.m.a.RequestMappingHandlerMapping - Mapped "{[/seller/category/index],methods=[GET]}" onto public com.yuhao.sell.model.ProductCategory com.yuhao.sell.controller.SellerCategoryController.index(java.lang.Integer)
2018-06-25 20:01:02.153 [main]    INFO  o.s.w.s.m.m.a.RequestMappingHandlerMapping - Mapped "{[/seller/category/delete],methods=[GET]}" onto public java.util.Map<java.lang.String, java.lang.Integer> com.yuhao.sell.controller.SellerCategoryController.delete(java.lang.Integer,java.lang.Integer)
2018-06-25 20:01:02.154 [main]    INFO  o.s.w.s.m.m.a.RequestMappingHandlerMapping - Mapped "{[/seller/category/list],methods=[GET]}" onto public org.springframework.web.servlet.ModelAndView com.yuhao.sell.controller.SellerCategoryController.list(java.util.Map<java.lang.String, java.lang.Object>)
2018-06-25 20:01:02.154 [main]    INFO  o.s.w.s.m.m.a.RequestMappingHandlerMapping - Mapped "{[/seller/category/save],methods=[POST]}" onto public org.springframework.web.servlet.ModelAndView com.yuhao.sell.controller.SellerCategoryController.save(com.yuhao.sell.form.CategoryForm,org.springframework.validation.BindingResult,java.util.Map<java.lang.String, java.lang.Object>)
2018-06-25 20:01:02.155 [main]    INFO  o.s.w.s.m.m.a.RequestMappingHandlerMapping - Mapped "{[/seller/finance/month],methods=[GET]}" onto public org.springframework.web.servlet.ModelAndView com.yuhao.sell.controller.SellerfinanceController.month(java.lang.Integer,java.lang.Integer,java.util.Map<java.lang.String, java.lang.Object>)
2018-06-25 20:01:02.155 [main]    INFO  o.s.w.s.m.m.a.RequestMappingHandlerMapping - Mapped "{[/seller/finance/day],methods=[GET]}" onto public org.springframework.web.servlet.ModelAndView com.yuhao.sell.controller.SellerfinanceController.day(java.lang.Integer,java.lang.Integer,java.util.Map<java.lang.String, java.lang.Object>)
2018-06-25 20:01:02.155 [main]    INFO  o.s.w.s.m.m.a.RequestMappingHandlerMapping - Mapped "{[/seller/finance/week],methods=[GET]}" onto public org.springframework.web.servlet.ModelAndView com.yuhao.sell.controller.SellerfinanceController.week(java.lang.Integer,java.lang.Integer,java.util.Map<java.lang.String, java.lang.Object>)
2018-06-25 20:01:02.156 [main]    INFO  o.s.w.s.m.m.a.RequestMappingHandlerMapping - Mapped "{[/seller/order/list],methods=[GET]}" onto public org.springframework.web.servlet.ModelAndView com.yuhao.sell.controller.SellerOrderController.list(java.lang.Integer,java.lang.Integer,java.lang.String,java.util.Map<java.lang.String, java.lang.Object>)
2018-06-25 20:01:02.157 [main]    INFO  o.s.w.s.m.m.a.RequestMappingHandlerMapping - Mapped "{[/seller/order/detail],methods=[GET]}" onto public com.yuhao.sell.dto.OrderDTO com.yuhao.sell.controller.SellerOrderController.detail(java.lang.String)
2018-06-25 20:01:02.157 [main]    INFO  o.s.w.s.m.m.a.RequestMappingHandlerMapping - Mapped "{[/seller/order/sellerDetail],methods=[GET]}" onto public org.springframework.web.servlet.ModelAndView com.yuhao.sell.controller.SellerOrderController.sellerDetail(java.util.Map<java.lang.String, java.lang.Object>)
2018-06-25 20:01:02.158 [main]    INFO  o.s.w.s.m.m.a.RequestMappingHandlerMapping - Mapped "{[/seller/product/index],methods=[GET]}" onto public org.springframework.web.servlet.ModelAndView com.yuhao.sell.controller.SellerProductController.index(java.lang.String,java.util.Map<java.lang.String, java.lang.Object>)
2018-06-25 20:01:02.158 [main]    INFO  o.s.w.s.m.m.a.RequestMappingHandlerMapping - Mapped "{[/seller/product/delete]}" onto public org.springframework.web.servlet.ModelAndView com.yuhao.sell.controller.SellerProductController.delete(java.lang.String,java.util.Map<java.lang.String, java.lang.Object>)
2018-06-25 20:01:02.159 [main]    INFO  o.s.w.s.m.m.a.RequestMappingHandlerMapping - Mapped "{[/seller/product/list],methods=[GET]}" onto public org.springframework.web.servlet.ModelAndView com.yuhao.sell.controller.SellerProductController.list(java.lang.Integer,java.lang.Integer,java.util.Map<java.lang.String, java.lang.Object>)
2018-06-25 20:01:02.159 [main]    INFO  o.s.w.s.m.m.a.RequestMappingHandlerMapping - Mapped "{[/seller/product/save],methods=[POST]}" onto public org.springframework.web.servlet.ModelAndView com.yuhao.sell.controller.SellerProductController.save(com.yuhao.sell.form.ProductForm,org.springframework.validation.BindingResult,java.util.Map<java.lang.String, java.lang.Object>,org.springframework.web.multipart.MultipartFile) throws java.io.IOException
2018-06-25 20:01:02.159 [main]    INFO  o.s.w.s.m.m.a.RequestMappingHandlerMapping - Mapped "{[/seller/product/on_sale]}" onto public org.springframework.web.servlet.ModelAndView com.yuhao.sell.controller.SellerProductController.onSale(java.lang.String,java.util.Map<java.lang.String, java.lang.Object>)
2018-06-25 20:01:02.159 [main]    INFO  o.s.w.s.m.m.a.RequestMappingHandlerMapping - Mapped "{[/seller/product/off_sale]}" onto public org.springframework.web.servlet.ModelAndView com.yuhao.sell.controller.SellerProductController.offSale(java.lang.String,java.util.Map<java.lang.String, java.lang.Object>)
2018-06-25 20:01:02.163 [main]    INFO  o.s.w.s.m.m.a.RequestMappingHandlerMapping - Mapped "{[/seller/onSellerRegister],methods=[GET]}" onto public org.springframework.web.servlet.ModelAndView com.yuhao.sell.controller.SellerUserController.register()
2018-06-25 20:01:02.164 [main]    INFO  o.s.w.s.m.m.a.RequestMappingHandlerMapping - Mapped "{[/seller/save],methods=[POST]}" onto public org.springframework.web.servlet.ModelAndView com.yuhao.sell.controller.SellerUserController.save(java.lang.String,java.lang.String,java.lang.String,java.lang.String,java.lang.String,float,java.lang.String,java.util.Map<java.lang.String, java.lang.Object>)
2018-06-25 20:01:02.164 [main]    INFO  o.s.w.s.m.m.a.RequestMappingHandlerMapping - Mapped "{[/seller/detail],methods=[GET]}" onto public org.springframework.web.servlet.ModelAndView com.yuhao.sell.controller.SellerUserController.detail(java.util.Map<java.lang.String, java.lang.Object>)
2018-06-25 20:01:02.164 [main]    INFO  o.s.w.s.m.m.a.RequestMappingHandlerMapping - Mapped "{[/seller/banner],methods=[GET]}" onto public org.springframework.web.servlet.ModelAndView com.yuhao.sell.controller.SellerUserController.banner()
2018-06-25 20:01:02.164 [main]    INFO  o.s.w.s.m.m.a.RequestMappingHandlerMapping - Mapped "{[/seller/onSellerLogin],methods=[GET]}" onto public org.springframework.web.servlet.ModelAndView com.yuhao.sell.controller.SellerUserController.onLogin()
2018-06-25 20:01:02.165 [main]    INFO  o.s.w.s.m.m.a.RequestMappingHandlerMapping - Mapped "{[/seller/sellerLogin],methods=[POST]}" onto public org.springframework.web.servlet.ModelAndView com.yuhao.sell.controller.SellerUserController.adminLogin(java.lang.String,java.lang.String,javax.servlet.http.HttpServletResponse,java.util.Map<java.lang.String, java.lang.Object>)
2018-06-25 20:01:02.165 [main]    INFO  o.s.w.s.m.m.a.RequestMappingHandlerMapping - Mapped "{[/seller/logout],methods=[GET]}" onto public org.springframework.web.servlet.ModelAndView com.yuhao.sell.controller.SellerUserController.logout(javax.servlet.http.HttpServletRequest,javax.servlet.http.HttpServletResponse,java.util.Map<java.lang.String, java.lang.Object>)
2018-06-25 20:01:02.165 [main]    INFO  o.s.w.s.m.m.a.RequestMappingHandlerMapping - Mapped "{[/seller/login],methods=[GET]}" onto public org.springframework.web.servlet.ModelAndView com.yuhao.sell.controller.SellerUserController.login(java.lang.String,javax.servlet.http.HttpServletResponse,java.util.Map<java.lang.String, java.lang.Object>)
2018-06-25 20:01:02.167 [main]    INFO  o.s.w.s.m.m.a.RequestMappingHandlerMapping - Mapped "{[/wechat/userInfo],methods=[GET]}" onto public java.lang.String com.yuhao.sell.controller.WeChatController.userInfo(java.lang.String,java.lang.String)
2018-06-25 20:01:02.167 [main]    INFO  o.s.w.s.m.m.a.RequestMappingHandlerMapping - Mapped "{[/wechat/qrUserInfo],methods=[GET]}" onto public java.lang.String com.yuhao.sell.controller.WeChatController.qrUserInfo(java.lang.String,java.lang.String)
2018-06-25 20:01:02.167 [main]    INFO  o.s.w.s.m.m.a.RequestMappingHandlerMapping - Mapped "{[/wechat/authorize],methods=[GET]}" onto public java.lang.String com.yuhao.sell.controller.WeChatController.authorize(java.lang.String)
2018-06-25 20:01:02.167 [main]    INFO  o.s.w.s.m.m.a.RequestMappingHandlerMapping - Mapped "{[/wechat/qrAuthorize],methods=[GET]}" onto public java.lang.String com.yuhao.sell.controller.WeChatController.qrAuthorize(java.lang.String)
2018-06-25 20:01:02.168 [main]    INFO  o.s.w.s.m.m.a.RequestMappingHandlerMapping - Mapped "{[/wx/auth],methods=[GET]}" onto public void com.yuhao.sell.controller.WxController.auth(java.lang.String)
2018-06-25 20:01:02.171 [main]    INFO  o.s.w.s.m.m.a.RequestMappingHandlerMapping - Mapped "{[/error]}" onto public org.springframework.http.ResponseEntity<java.util.Map<java.lang.String, java.lang.Object>> org.springframework.boot.autoconfigure.web.servlet.error.BasicErrorController.error(javax.servlet.http.HttpServletRequest)
2018-06-25 20:01:02.171 [main]    INFO  o.s.w.s.m.m.a.RequestMappingHandlerMapping - Mapped "{[/error],produces=[text/html]}" onto public org.springframework.web.servlet.ModelAndView org.springframework.boot.autoconfigure.web.servlet.error.BasicErrorController.errorHtml(javax.servlet.http.HttpServletRequest,javax.servlet.http.HttpServletResponse)
2018-06-25 20:01:02.219 [main]    INFO  o.s.w.s.h.SimpleUrlHandlerMapping - Mapped URL path [/webjars/**] onto handler of type [class org.springframework.web.servlet.resource.ResourceHttpRequestHandler]
2018-06-25 20:01:02.219 [main]    INFO  o.s.w.s.h.SimpleUrlHandlerMapping - Mapped URL path [/**] onto handler of type [class org.springframework.web.servlet.resource.ResourceHttpRequestHandler]
2018-06-25 20:01:02.240 [main]    INFO  o.s.w.s.m.m.a.ExceptionHandlerExceptionResolver - Detected @ExceptionHandler methods in sellExceptionHandler
2018-06-25 20:01:02.278 [main]    INFO  o.s.w.s.h.SimpleUrlHandlerMapping - Mapped URL path [/**/favicon.ico] onto handler of type [class org.springframework.web.servlet.resource.ResourceHttpRequestHandler]
2018-06-25 20:01:03.219 [main]    INFO  o.s.w.s.v.f.FreeMarkerConfigurer - ClassTemplateLoader for Spring macros added to FreeMarker configuration
2018-06-25 20:01:03.396 [main]    INFO  o.s.w.s.s.s.ServerEndpointExporter - Registering @ServerEndpoint class: class com.yuhao.sell.service.WebSocket
2018-06-25 20:01:03.403 [main]    INFO  o.s.j.e.a.AnnotationMBeanExporter - Registering beans for JMX exposure on startup
2018-06-25 20:01:03.404 [main]    INFO  o.s.j.e.a.AnnotationMBeanExporter - Bean with name 'dataSource' has been autodetected for JMX exposure
2018-06-25 20:01:03.410 [main]    INFO  o.s.j.e.a.AnnotationMBeanExporter - Located MBean 'dataSource': registering with JMX server as MBean [com.zaxxer.hikari:name=dataSource,type=HikariDataSource]
2018-06-25 20:01:03.422 [main]    INFO  o.s.s.a.ScheduledAnnotationBeanPostProcessor - No TaskScheduler/ScheduledExecutorService bean found for scheduled processing
2018-06-25 20:01:03.430 [main]    INFO  o.a.coyote.http11.Http11NioProtocol - Starting ProtocolHandler ["http-nio-8080"]
2018-06-25 20:01:03.443 [main]    INFO  o.a.tomcat.util.net.NioSelectorPool - Using a shared selector for servlet write/read
2018-06-25 20:01:03.460 [main]    INFO  o.s.b.w.e.tomcat.TomcatWebServer - Tomcat started on port(s): 8080 (http) with context path '/sell'
2018-06-25 20:01:03.462 [main]    INFO  com.yuhao.sell.SellApplication - Started SellApplication in 7.332 seconds (JVM running for 8.896)
2018-06-25 20:01:47.729 [http-nio-8080-exec-1]    INFO  o.a.c.c.C.[.[localhost].[/sell] - Initializing Spring FrameworkServlet 'dispatcherServlet'
2018-06-25 20:01:47.729 [http-nio-8080-exec-1]    INFO  o.s.web.servlet.DispatcherServlet - FrameworkServlet 'dispatcherServlet': initialization started
2018-06-25 20:01:47.752 [http-nio-8080-exec-1]    INFO  o.s.web.servlet.DispatcherServlet - FrameworkServlet 'dispatcherServlet': initialization completed in 23 ms
2018-06-25 20:04:52.826 [main]    INFO  com.yuhao.sell.SellApplication - Starting SellApplication on JZRMMHQ7IIJQ3E6 with PID 7476 (started by 葳蕤 in I:\微信支付\SellTow\sell)
2018-06-25 20:04:52.831 [main]    INFO  com.yuhao.sell.SellApplication - No active profile set, falling back to default profiles: default
2018-06-25 20:04:52.989 [main]    INFO  o.s.b.w.s.c.AnnotationConfigServletWebServerApplicationContext - Refreshing org.springframework.boot.web.servlet.context.AnnotationConfigServletWebServerApplicationContext@3b6ddd1d: startup date [Mon Jun 25 20:04:52 CST 2018]; root of context hierarchy
2018-06-25 20:04:53.748 [main]    WARN  o.m.s.mapper.ClassPathMapperScanner - No MyBatis mapper was found in '[com.yuhao.sell]' package. Please check your configuration.
2018-06-25 20:04:53.777 [main]    INFO  o.s.d.r.c.RepositoryConfigurationDelegate - Multiple Spring Data modules found, entering strict repository configuration mode!
2018-06-25 20:04:53.848 [main]    INFO  o.s.d.r.c.RepositoryConfigurationDelegate - Multiple Spring Data modules found, entering strict repository configuration mode!
2018-06-25 20:04:53.864 [main]    INFO  o.s.d.r.c.RepositoryConfigurationExtensionSupport - Spring Data Redis - Could not safely identify store assignment for repository candidate interface com.yuhao.sell.dao.AdminDAO.
2018-06-25 20:04:53.865 [main]    INFO  o.s.d.r.c.RepositoryConfigurationExtensionSupport - Spring Data Redis - Could not safely identify store assignment for repository candidate interface com.yuhao.sell.dao.OrderDetailDAO.
2018-06-25 20:04:53.866 [main]    INFO  o.s.d.r.c.RepositoryConfigurationExtensionSupport - Spring Data Redis - Could not safely identify store assignment for repository candidate interface com.yuhao.sell.dao.OrderMasterDAO.
2018-06-25 20:04:53.866 [main]    INFO  o.s.d.r.c.RepositoryConfigurationExtensionSupport - Spring Data Redis - Could not safely identify store assignment for repository candidate interface com.yuhao.sell.dao.ProductCategoryDAO.
2018-06-25 20:04:53.866 [main]    INFO  o.s.d.r.c.RepositoryConfigurationExtensionSupport - Spring Data Redis - Could not safely identify store assignment for repository candidate interface com.yuhao.sell.dao.ProductInfoDAO.
2018-06-25 20:04:53.867 [main]    INFO  o.s.d.r.c.RepositoryConfigurationExtensionSupport - Spring Data Redis - Could not safely identify store assignment for repository candidate interface com.yuhao.sell.dao.SellerInfoDAO.
2018-06-25 20:04:54.143 [main]    INFO  o.s.b.f.a.AutowiredAnnotationBeanPostProcessor - JSR-330 'javax.inject.Inject' annotation found and supported for autowiring
2018-06-25 20:04:54.318 [main]    INFO  o.s.c.s.PostProcessorRegistrationDelegate$BeanPostProcessorChecker - Bean 'org.springframework.transaction.annotation.ProxyTransactionManagementConfiguration' of type [org.springframework.transaction.annotation.ProxyTransactionManagementConfiguration$$EnhancerBySpringCGLIB$$22031c97] is not eligible for getting processed by all BeanPostProcessors (for example: not eligible for auto-proxying)
2018-06-25 20:04:54.737 [main]    INFO  o.s.b.w.e.tomcat.TomcatWebServer - Tomcat initialized with port(s): 8080 (http)
2018-06-25 20:04:54.752 [main]    INFO  o.a.coyote.http11.Http11NioProtocol - Initializing ProtocolHandler ["http-nio-8080"]
2018-06-25 20:04:54.762 [main]    INFO  o.a.catalina.core.StandardService - Starting service [Tomcat]
2018-06-25 20:04:54.763 [main]    INFO  o.a.catalina.core.StandardEngine - Starting Servlet Engine: Apache Tomcat/8.5.28
2018-06-25 20:04:54.767 [localhost-startStop-1]    INFO  o.a.c.core.AprLifecycleListener - The APR based Apache Tomcat Native library which allows optimal performance in production environments was not found on the java.library.path: [C:\Program Files\Java\jdk1.8.0_51\bin;C:\Windows\Sun\Java\bin;C:\Windows\system32;C:\Windows;F:\blockchain\nodejs;C:\Ruby25-x64\bin;%MYSQL_HOME%\bin;G:\git\Git\bin;H:\python3\Scripts;H:\Python3;C:\Program Files\Java\jdk1.8.0_51\bin;C:\ProgramData\Oracle\Java\javapath;C:\Windows\system32;C:\Windows;C:\Windows\System32\Wbem;C:\Windows\System32\WindowsPowerShell\v1.0\;C:\Program Files (x86)\NVIDIA Corporation\PhysX\Common;C:\Program Files\Microsoft\Web Platform Installer\;C:\Program Files (x86)\Microsoft ASP.NET\ASP.NET Web Pages\v1.0\;C:\Users\Administrator\Desktop\sql备份\apache-maven-3.5.2\bin;I;\apache\apache-tomcat-7.0.53\bin;F:\WAMP\wamp64\bin\php\php5.6.31\;I:\GitHubSource\apache-maven-3.5.3\bin;G:\Git\cmd;F:\blockchain\nodejs;D:\Anaconda3;D:\Anaconda3\Library\mingw-w64\bin;D:\Anaconda3\Library\usr\bin;D:\Anaconda3\Library\bin;D:\Anaconda3\Scripts;C:\Users\Administrator\AppData\Local\GitHubDesktop\bin;C:\Users\Administrator\AppData\Roaming\npm;.]
2018-06-25 20:04:55.055 [localhost-startStop-1]    INFO  o.a.c.c.C.[.[localhost].[/sell] - Initializing Spring embedded WebApplicationContext
2018-06-25 20:04:55.055 [localhost-startStop-1]    INFO  o.s.web.context.ContextLoader - Root WebApplicationContext: initialization completed in 2067 ms
2018-06-25 20:04:55.202 [localhost-startStop-1]    INFO  o.s.b.w.s.ServletRegistrationBean - Servlet dispatcherServlet mapped to [/]
2018-06-25 20:04:55.206 [localhost-startStop-1]    INFO  o.s.b.w.s.FilterRegistrationBean - Mapping filter: 'characterEncodingFilter' to: [/*]
2018-06-25 20:04:55.207 [localhost-startStop-1]    INFO  o.s.b.w.s.FilterRegistrationBean - Mapping filter: 'hiddenHttpMethodFilter' to: [/*]
2018-06-25 20:04:55.207 [localhost-startStop-1]    INFO  o.s.b.w.s.FilterRegistrationBean - Mapping filter: 'httpPutFormContentFilter' to: [/*]
2018-06-25 20:04:55.207 [localhost-startStop-1]    INFO  o.s.b.w.s.FilterRegistrationBean - Mapping filter: 'requestContextFilter' to: [/*]
2018-06-25 20:04:55.359 [main]    INFO  com.zaxxer.hikari.HikariDataSource - HikariPool-1 - Starting...
2018-06-25 20:04:55.552 [main]    INFO  com.zaxxer.hikari.HikariDataSource - HikariPool-1 - Start completed.
2018-06-25 20:04:55.631 [main]    INFO  o.s.o.j.LocalContainerEntityManagerFactoryBean - Building JPA container EntityManagerFactory for persistence unit 'default'
2018-06-25 20:04:55.652 [main]    INFO  o.h.jpa.internal.util.LogHelper - HHH000204: Processing PersistenceUnitInfo [
	name: default
	...]
2018-06-25 20:04:55.757 [main]    INFO  org.hibernate.Version - HHH000412: Hibernate Core {5.2.14.Final}
2018-06-25 20:04:55.759 [main]    INFO  org.hibernate.cfg.Environment - HHH000206: hibernate.properties not found
2018-06-25 20:04:55.812 [main]    INFO  o.h.annotations.common.Version - HCANN000001: Hibernate Commons Annotations {5.0.1.Final}
2018-06-25 20:04:55.972 [main]    INFO  org.hibernate.dialect.Dialect - HHH000400: Using dialect: org.hibernate.dialect.MySQL5Dialect
2018-06-25 20:04:56.411 [main]    INFO  o.s.o.j.LocalContainerEntityManagerFactoryBean - Initialized JPA EntityManagerFactory for persistence unit 'default'
2018-06-25 20:04:57.959 [main]    INFO  o.s.w.s.m.m.a.RequestMappingHandlerAdapter - Looking for @ControllerAdvice: org.springframework.boot.web.servlet.context.AnnotationConfigServletWebServerApplicationContext@3b6ddd1d: startup date [Mon Jun 25 20:04:52 CST 2018]; root of context hierarchy
2018-06-25 20:04:57.998 [main]    WARN  o.s.b.a.o.j.JpaBaseConfiguration$JpaWebConfiguration$JpaWebMvcConfiguration - spring.jpa.open-in-view is enabled by default. Therefore, database queries may be performed during view rendering. Explicitly configure spring.jpa.open-in-view to disable this warning
2018-06-25 20:04:58.044 [main]    INFO  o.s.w.s.m.m.a.RequestMappingHandlerMapping - Mapped "{[/admin/list],methods=[GET]}" onto public org.springframework.web.servlet.ModelAndView com.yuhao.sell.controller.AdminController.list(java.lang.Integer,java.lang.Integer,java.util.Map<java.lang.String, java.lang.Object>)
2018-06-25 20:04:58.045 [main]    INFO  o.s.w.s.m.m.a.RequestMappingHandlerMapping - Mapped "{[/admin/search],methods=[POST]}" onto public org.springframework.web.servlet.ModelAndView com.yuhao.sell.controller.AdminController.search(java.lang.String,java.util.Map<java.lang.String, java.lang.Object>)
2018-06-25 20:04:58.045 [main]    INFO  o.s.w.s.m.m.a.RequestMappingHandlerMapping - Mapped "{[/admin/visit],methods=[GET]}" onto public org.springframework.web.servlet.ModelAndView com.yuhao.sell.controller.AdminController.visit(java.lang.Integer,java.lang.Integer,java.lang.Integer,java.util.Map<java.lang.String, java.lang.Object>)
2018-06-25 20:04:58.045 [main]    INFO  o.s.w.s.m.m.a.RequestMappingHandlerMapping - Mapped "{[/admin/detail],methods=[GET]}" onto public org.springframework.web.servlet.ModelAndView com.yuhao.sell.controller.AdminController.detail(java.lang.String,java.util.Map<java.lang.String, java.lang.Object>)
2018-06-25 20:04:58.046 [main]    INFO  o.s.w.s.m.m.a.RequestMappingHandlerMapping - Mapped "{[/admin/use],methods=[POST]}" onto public org.springframework.web.servlet.ModelAndView com.yuhao.sell.controller.AdminController.use(java.lang.String,java.lang.Integer,java.util.Map<java.lang.String, java.lang.Object>)
2018-06-25 20:04:58.046 [main]    INFO  o.s.w.s.m.m.a.RequestMappingHandlerMapping - Mapped "{[/admin/hello],methods=[GET]}" onto public java.lang.String com.yuhao.sell.controller.AdminController.hello()
2018-06-25 20:04:58.046 [main]    INFO  o.s.w.s.m.m.a.RequestMappingHandlerMapping - Mapped "{[/admin/alllist],methods=[GET]}" onto public org.springframework.web.servlet.ModelAndView com.yuhao.sell.controller.AdminController.alllist(java.lang.Integer,java.lang.Integer,java.util.Map<java.lang.String, java.lang.Object>)
2018-06-25 20:04:58.046 [main]    INFO  o.s.w.s.m.m.a.RequestMappingHandlerMapping - Mapped "{[/admin/rlist],methods=[GET]}" onto public org.springframework.web.servlet.ModelAndView com.yuhao.sell.controller.AdminController.rlist(java.lang.Integer,java.lang.Integer,java.util.Map<java.lang.String, java.lang.Object>)
2018-06-25 20:04:58.047 [main]    INFO  o.s.w.s.m.m.a.RequestMappingHandlerMapping - Mapped "{[/admin/sellerdetail],methods=[GET]}" onto public org.springframework.web.servlet.ModelAndView com.yuhao.sell.controller.AdminController.sellerdetail(java.lang.String,java.util.Map<java.lang.String, java.lang.Object>)
2018-06-25 20:04:58.047 [main]    INFO  o.s.w.s.m.m.a.RequestMappingHandlerMapping - Mapped "{[/admin/examineOk],methods=[GET]}" onto public org.springframework.web.servlet.ModelAndView com.yuhao.sell.controller.AdminController.examineOk(java.lang.String,java.util.Map<java.lang.String, java.lang.Object>)
2018-06-25 20:04:58.047 [main]    INFO  o.s.w.s.m.m.a.RequestMappingHandlerMapping - Mapped "{[/admin/examineNot],methods=[GET]}" onto public org.springframework.web.servlet.ModelAndView com.yuhao.sell.controller.AdminController.examineNot(java.lang.String,java.util.Map<java.lang.String, java.lang.Object>)
2018-06-25 20:04:58.047 [main]    INFO  o.s.w.s.m.m.a.RequestMappingHandlerMapping - Mapped "{[/admin/turnover],methods=[GET]}" onto public org.springframework.web.servlet.ModelAndView com.yuhao.sell.controller.AdminController.turnover(java.lang.Integer,java.lang.Integer,java.lang.Integer,java.util.Map<java.lang.String, java.lang.Object>)
2018-06-25 20:04:58.048 [main]    INFO  o.s.w.s.m.m.a.RequestMappingHandlerMapping - Mapped "{[/admin/visit0],methods=[GET]}" onto public org.springframework.web.servlet.ModelAndView com.yuhao.sell.controller.AdminController.visit0(java.lang.Integer,java.lang.Integer,java.lang.Integer,java.util.Map<java.lang.String, java.lang.Object>)
2018-06-25 20:04:58.048 [main]    INFO  o.s.w.s.m.m.a.RequestMappingHandlerMapping - Mapped "{[/admin/udate],methods=[GET]}" onto public org.springframework.web.servlet.ModelAndView com.yuhao.sell.controller.AdminController.udate(java.lang.Integer,java.lang.Integer,java.util.Map<java.lang.String, java.lang.Object>)
2018-06-25 20:04:58.048 [main]    INFO  o.s.w.s.m.m.a.RequestMappingHandlerMapping - Mapped "{[/admin/rdate],methods=[GET]}" onto public org.springframework.web.servlet.ModelAndView com.yuhao.sell.controller.AdminController.rdate(java.lang.Integer,java.lang.Integer,java.util.Map<java.lang.String, java.lang.Object>)
2018-06-25 20:04:58.049 [main]    INFO  o.s.w.s.m.m.a.RequestMappingHandlerMapping - Mapped "{[/admin/trial],methods=[POST]}" onto public org.springframework.web.servlet.ModelAndView com.yuhao.sell.controller.AdminController.trial(java.lang.String,java.lang.Integer,java.util.Map<java.lang.String, java.lang.Object>)
2018-06-25 20:04:58.049 [main]    INFO  o.s.w.s.m.m.a.RequestMappingHandlerMapping - Mapped "{[/admin/strial],methods=[POST]}" onto public org.springframework.web.servlet.ModelAndView com.yuhao.sell.controller.AdminController.strial(java.lang.String,java.util.Map<java.lang.String, java.lang.Object>)
2018-06-25 20:04:58.050 [main]    INFO  o.s.w.s.m.m.a.RequestMappingHandlerMapping - Mapped "{[/admin/suse],methods=[POST]}" onto public org.springframework.web.servlet.ModelAndView com.yuhao.sell.controller.AdminController.suse(java.lang.String,java.util.Map<java.lang.String, java.lang.Object>)
2018-06-25 20:04:58.056 [main]    INFO  o.s.w.s.m.m.a.RequestMappingHandlerMapping - Mapped "{[/admin/modifyPwd],methods=[GET]}" onto public org.springframework.web.servlet.ModelAndView com.yuhao.sell.controller.BaseController.modifyPwd()
2018-06-25 20:04:58.056 [main]    INFO  o.s.w.s.m.m.a.RequestMappingHandlerMapping - Mapped "{[/admin/Modification],methods=[GET]}" onto public org.springframework.web.servlet.ModelAndView com.yuhao.sell.controller.BaseController.Modification()
2018-06-25 20:04:58.056 [main]    INFO  o.s.w.s.m.m.a.RequestMappingHandlerMapping - Mapped "{[/admin/onModify],methods=[POST]}" onto public org.springframework.web.servlet.ModelAndView com.yuhao.sell.controller.BaseController.onModify(java.lang.String,java.lang.String,java.lang.String,java.lang.String,java.util.Map<java.lang.String, java.lang.Object>)
2018-06-25 20:04:58.057 [main]    INFO  o.s.w.s.m.m.a.RequestMappingHandlerMapping - Mapped "{[/admin/onAdminLogin],methods=[GET]}" onto public org.springframework.web.servlet.ModelAndView com.yuhao.sell.controller.BaseController.onLogin()
2018-06-25 20:04:58.057 [main]    INFO  o.s.w.s.m.m.a.RequestMappingHandlerMapping - Mapped "{[/admin/search],methods=[GET]}" onto public org.springframework.web.servlet.ModelAndView com.yuhao.sell.controller.BaseController.Search(java.lang.String,java.lang.String,java.lang.String)
2018-06-25 20:04:58.057 [main]    INFO  o.s.w.s.m.m.a.RequestMappingHandlerMapping - Mapped "{[/admin/onPwd],methods=[POST]}" onto public org.springframework.web.servlet.ModelAndView com.yuhao.sell.controller.BaseController.onPwd(java.lang.String,java.lang.String,java.lang.String,java.util.Map<java.lang.String, java.lang.Object>)
2018-06-25 20:04:58.057 [main]    INFO  o.s.w.s.m.m.a.RequestMappingHandlerMapping - Mapped "{[/admin/identifying],methods=[POST]}" onto public void com.yuhao.sell.controller.BaseController.identifying(java.lang.String)
2018-06-25 20:04:58.058 [main]    INFO  o.s.w.s.m.m.a.RequestMappingHandlerMapping - Mapped "{[/admin/AdminLogin],methods=[POST]}" onto public org.springframework.web.servlet.ModelAndView com.yuhao.sell.controller.BaseController.adminLogin(java.lang.String,java.lang.String,javax.servlet.http.HttpServletResponse,java.util.Map<java.lang.String, java.lang.Object>)
2018-06-25 20:04:58.058 [main]    INFO  o.s.w.s.m.m.a.RequestMappingHandlerMapping - Mapped "{[/admin/logout],methods=[GET]}" onto public org.springframework.web.servlet.ModelAndView com.yuhao.sell.controller.BaseController.logout(javax.servlet.http.HttpServletRequest,javax.servlet.http.HttpServletResponse,java.util.Map<java.lang.String, java.lang.Object>)
2018-06-25 20:04:58.058 [main]    INFO  o.s.w.s.m.m.a.RequestMappingHandlerMapping - Mapped "{[/admin/sellerRegister],methods=[POST]}" onto public org.springframework.web.servlet.ModelAndView com.yuhao.sell.controller.BaseController.sellerRegister(com.yuhao.sell.model.SellerInfo,org.springframework.validation.BindingResult,org.springframework.web.multipart.MultipartFile,java.lang.String,java.util.Map<java.lang.String, java.lang.Object>)
2018-06-25 20:04:58.059 [main]    INFO  o.s.w.s.m.m.a.RequestMappingHandlerMapping - Mapped "{[/buyer/order/create],methods=[POST]}" onto public com.yuhao.sell.VO.ResultVO<java.util.Map<java.lang.String, java.lang.String>> com.yuhao.sell.controller.BuyerOrderController.create(com.yuhao.sell.form.OrderForm,org.springframework.validation.BindingResult)
2018-06-25 20:04:58.060 [main]    INFO  o.s.w.s.m.m.a.RequestMappingHandlerMapping - Mapped "{[/buyer/order/list],methods=[GET]}" onto public com.yuhao.sell.VO.ResultVO<java.util.List<com.yuhao.sell.dto.OrderDTO>> com.yuhao.sell.controller.BuyerOrderController.list(java.lang.String,java.lang.Integer,java.lang.Integer,java.lang.String)
2018-06-25 20:04:58.060 [main]    INFO  o.s.w.s.m.m.a.RequestMappingHandlerMapping - Mapped "{[/buyer/order/cancel],methods=[POST]}" onto public com.yuhao.sell.VO.ResultVO com.yuhao.sell.controller.BuyerOrderController.cancel(java.lang.String,java.lang.String)
2018-06-25 20:04:58.060 [main]    INFO  o.s.w.s.m.m.a.RequestMappingHandlerMapping - Mapped "{[/buyer/order/detail],methods=[GET]}" onto public com.yuhao.sell.VO.ResultVO<com.yuhao.sell.dto.OrderDTO> com.yuhao.sell.controller.BuyerOrderController.detail(java.lang.String,java.lang.String)
2018-06-25 20:04:58.061 [main]    INFO  o.s.w.s.m.m.a.RequestMappingHandlerMapping - Mapped "{[/buyer/product/list],methods=[GET]}" onto public com.yuhao.sell.VO.ResultVO com.yuhao.sell.controller.BuyerProductController.list(java.lang.String)
2018-06-25 20:04:58.062 [main]    INFO  o.s.w.s.m.m.a.RequestMappingHandlerMapping - Mapped "{[/pay/notify],methods=[POST]}" onto public org.springframework.web.servlet.ModelAndView com.yuhao.sell.controller.PayController.notify(java.lang.String)
2018-06-25 20:04:58.062 [main]    INFO  o.s.w.s.m.m.a.RequestMappingHandlerMapping - Mapped "{[/pay/create],methods=[GET]}" onto public org.springframework.web.servlet.ModelAndView com.yuhao.sell.controller.PayController.create(java.lang.String,java.lang.String,java.util.Map<java.lang.String, java.lang.Object>)
2018-06-25 20:04:58.063 [main]    INFO  o.s.w.s.m.m.a.RequestMappingHandlerMapping - Mapped "{[/seller/category/index],methods=[GET]}" onto public com.yuhao.sell.model.ProductCategory com.yuhao.sell.controller.SellerCategoryController.index(java.lang.Integer)
2018-06-25 20:04:58.063 [main]    INFO  o.s.w.s.m.m.a.RequestMappingHandlerMapping - Mapped "{[/seller/category/delete],methods=[GET]}" onto public java.util.Map<java.lang.String, java.lang.Integer> com.yuhao.sell.controller.SellerCategoryController.delete(java.lang.Integer,java.lang.Integer)
2018-06-25 20:04:58.064 [main]    INFO  o.s.w.s.m.m.a.RequestMappingHandlerMapping - Mapped "{[/seller/category/list],methods=[GET]}" onto public org.springframework.web.servlet.ModelAndView com.yuhao.sell.controller.SellerCategoryController.list(java.util.Map<java.lang.String, java.lang.Object>)
2018-06-25 20:04:58.064 [main]    INFO  o.s.w.s.m.m.a.RequestMappingHandlerMapping - Mapped "{[/seller/category/save],methods=[POST]}" onto public org.springframework.web.servlet.ModelAndView com.yuhao.sell.controller.SellerCategoryController.save(com.yuhao.sell.form.CategoryForm,org.springframework.validation.BindingResult,java.util.Map<java.lang.String, java.lang.Object>)
2018-06-25 20:04:58.065 [main]    INFO  o.s.w.s.m.m.a.RequestMappingHandlerMapping - Mapped "{[/seller/finance/month],methods=[GET]}" onto public org.springframework.web.servlet.ModelAndView com.yuhao.sell.controller.SellerfinanceController.month(java.lang.Integer,java.lang.Integer,java.util.Map<java.lang.String, java.lang.Object>)
2018-06-25 20:04:58.065 [main]    INFO  o.s.w.s.m.m.a.RequestMappingHandlerMapping - Mapped "{[/seller/finance/day],methods=[GET]}" onto public org.springframework.web.servlet.ModelAndView com.yuhao.sell.controller.SellerfinanceController.day(java.lang.Integer,java.lang.Integer,java.util.Map<java.lang.String, java.lang.Object>)
2018-06-25 20:04:58.065 [main]    INFO  o.s.w.s.m.m.a.RequestMappingHandlerMapping - Mapped "{[/seller/finance/week],methods=[GET]}" onto public org.springframework.web.servlet.ModelAndView com.yuhao.sell.controller.SellerfinanceController.week(java.lang.Integer,java.lang.Integer,java.util.Map<java.lang.String, java.lang.Object>)
2018-06-25 20:04:58.068 [main]    INFO  o.s.w.s.m.m.a.RequestMappingHandlerMapping - Mapped "{[/seller/order/list],methods=[GET]}" onto public org.springframework.web.servlet.ModelAndView com.yuhao.sell.controller.SellerOrderController.list(java.lang.Integer,java.lang.Integer,java.lang.String,java.util.Map<java.lang.String, java.lang.Object>)
2018-06-25 20:04:58.069 [main]    INFO  o.s.w.s.m.m.a.RequestMappingHandlerMapping - Mapped "{[/seller/order/detail],methods=[GET]}" onto public com.yuhao.sell.dto.OrderDTO com.yuhao.sell.controller.SellerOrderController.detail(java.lang.String)
2018-06-25 20:04:58.069 [main]    INFO  o.s.w.s.m.m.a.RequestMappingHandlerMapping - Mapped "{[/seller/order/sellerDetail],methods=[GET]}" onto public org.springframework.web.servlet.ModelAndView com.yuhao.sell.controller.SellerOrderController.sellerDetail(java.util.Map<java.lang.String, java.lang.Object>)
2018-06-25 20:04:58.070 [main]    INFO  o.s.w.s.m.m.a.RequestMappingHandlerMapping - Mapped "{[/seller/product/index],methods=[GET]}" onto public org.springframework.web.servlet.ModelAndView com.yuhao.sell.controller.SellerProductController.index(java.lang.String,java.util.Map<java.lang.String, java.lang.Object>)
2018-06-25 20:04:58.071 [main]    INFO  o.s.w.s.m.m.a.RequestMappingHandlerMapping - Mapped "{[/seller/product/delete]}" onto public org.springframework.web.servlet.ModelAndView com.yuhao.sell.controller.SellerProductController.delete(java.lang.String,java.util.Map<java.lang.String, java.lang.Object>)
2018-06-25 20:04:58.071 [main]    INFO  o.s.w.s.m.m.a.RequestMappingHandlerMapping - Mapped "{[/seller/product/list],methods=[GET]}" onto public org.springframework.web.servlet.ModelAndView com.yuhao.sell.controller.SellerProductController.list(java.lang.Integer,java.lang.Integer,java.util.Map<java.lang.String, java.lang.Object>)
2018-06-25 20:04:58.071 [main]    INFO  o.s.w.s.m.m.a.RequestMappingHandlerMapping - Mapped "{[/seller/product/save],methods=[POST]}" onto public org.springframework.web.servlet.ModelAndView com.yuhao.sell.controller.SellerProductController.save(com.yuhao.sell.form.ProductForm,org.springframework.validation.BindingResult,java.util.Map<java.lang.String, java.lang.Object>,org.springframework.web.multipart.MultipartFile) throws java.io.IOException
2018-06-25 20:04:58.072 [main]    INFO  o.s.w.s.m.m.a.RequestMappingHandlerMapping - Mapped "{[/seller/product/on_sale]}" onto public org.springframework.web.servlet.ModelAndView com.yuhao.sell.controller.SellerProductController.onSale(java.lang.String,java.util.Map<java.lang.String, java.lang.Object>)
2018-06-25 20:04:58.072 [main]    INFO  o.s.w.s.m.m.a.RequestMappingHandlerMapping - Mapped "{[/seller/product/off_sale]}" onto public org.springframework.web.servlet.ModelAndView com.yuhao.sell.controller.SellerProductController.offSale(java.lang.String,java.util.Map<java.lang.String, java.lang.Object>)
2018-06-25 20:04:58.075 [main]    INFO  o.s.w.s.m.m.a.RequestMappingHandlerMapping - Mapped "{[/seller/onSellerRegister],methods=[GET]}" onto public org.springframework.web.servlet.ModelAndView com.yuhao.sell.controller.SellerUserController.register()
2018-06-25 20:04:58.076 [main]    INFO  o.s.w.s.m.m.a.RequestMappingHandlerMapping - Mapped "{[/seller/save],methods=[POST]}" onto public org.springframework.web.servlet.ModelAndView com.yuhao.sell.controller.SellerUserController.save(java.lang.String,java.lang.String,java.lang.String,java.lang.String,java.lang.String,float,java.lang.String,java.util.Map<java.lang.String, java.lang.Object>)
2018-06-25 20:04:58.076 [main]    INFO  o.s.w.s.m.m.a.RequestMappingHandlerMapping - Mapped "{[/seller/detail],methods=[GET]}" onto public org.springframework.web.servlet.ModelAndView com.yuhao.sell.controller.SellerUserController.detail(java.util.Map<java.lang.String, java.lang.Object>)
2018-06-25 20:04:58.076 [main]    INFO  o.s.w.s.m.m.a.RequestMappingHandlerMapping - Mapped "{[/seller/banner],methods=[GET]}" onto public org.springframework.web.servlet.ModelAndView com.yuhao.sell.controller.SellerUserController.banner()
2018-06-25 20:04:58.077 [main]    INFO  o.s.w.s.m.m.a.RequestMappingHandlerMapping - Mapped "{[/seller/onSellerLogin],methods=[GET]}" onto public org.springframework.web.servlet.ModelAndView com.yuhao.sell.controller.SellerUserController.onLogin()
2018-06-25 20:04:58.077 [main]    INFO  o.s.w.s.m.m.a.RequestMappingHandlerMapping - Mapped "{[/seller/sellerLogin],methods=[POST]}" onto public org.springframework.web.servlet.ModelAndView com.yuhao.sell.controller.SellerUserController.adminLogin(java.lang.String,java.lang.String,javax.servlet.http.HttpServletResponse,java.util.Map<java.lang.String, java.lang.Object>)
2018-06-25 20:04:58.077 [main]    INFO  o.s.w.s.m.m.a.RequestMappingHandlerMapping - Mapped "{[/seller/logout],methods=[GET]}" onto public org.springframework.web.servlet.ModelAndView com.yuhao.sell.controller.SellerUserController.logout(javax.servlet.http.HttpServletRequest,javax.servlet.http.HttpServletResponse,java.util.Map<java.lang.String, java.lang.Object>)
2018-06-25 20:04:58.077 [main]    INFO  o.s.w.s.m.m.a.RequestMappingHandlerMapping - Mapped "{[/seller/login],methods=[GET]}" onto public org.springframework.web.servlet.ModelAndView com.yuhao.sell.controller.SellerUserController.login(java.lang.String,javax.servlet.http.HttpServletResponse,java.util.Map<java.lang.String, java.lang.Object>)
2018-06-25 20:04:58.078 [main]    INFO  o.s.w.s.m.m.a.RequestMappingHandlerMapping - Mapped "{[/wechat/userInfo],methods=[GET]}" onto public java.lang.String com.yuhao.sell.controller.WeChatController.userInfo(java.lang.String,java.lang.String)
2018-06-25 20:04:58.079 [main]    INFO  o.s.w.s.m.m.a.RequestMappingHandlerMapping - Mapped "{[/wechat/qrUserInfo],methods=[GET]}" onto public java.lang.String com.yuhao.sell.controller.WeChatController.qrUserInfo(java.lang.String,java.lang.String)
2018-06-25 20:04:58.079 [main]    INFO  o.s.w.s.m.m.a.RequestMappingHandlerMapping - Mapped "{[/wechat/authorize],methods=[GET]}" onto public java.lang.String com.yuhao.sell.controller.WeChatController.authorize(java.lang.String)
2018-06-25 20:04:58.079 [main]    INFO  o.s.w.s.m.m.a.RequestMappingHandlerMapping - Mapped "{[/wechat/qrAuthorize],methods=[GET]}" onto public java.lang.String com.yuhao.sell.controller.WeChatController.qrAuthorize(java.lang.String)
2018-06-25 20:04:58.080 [main]    INFO  o.s.w.s.m.m.a.RequestMappingHandlerMapping - Mapped "{[/wx/auth],methods=[GET]}" onto public void com.yuhao.sell.controller.WxController.auth(java.lang.String)
2018-06-25 20:04:58.084 [main]    INFO  o.s.w.s.m.m.a.RequestMappingHandlerMapping - Mapped "{[/error]}" onto public org.springframework.http.ResponseEntity<java.util.Map<java.lang.String, java.lang.Object>> org.springframework.boot.autoconfigure.web.servlet.error.BasicErrorController.error(javax.servlet.http.HttpServletRequest)
2018-06-25 20:04:58.085 [main]    INFO  o.s.w.s.m.m.a.RequestMappingHandlerMapping - Mapped "{[/error],produces=[text/html]}" onto public org.springframework.web.servlet.ModelAndView org.springframework.boot.autoconfigure.web.servlet.error.BasicErrorController.errorHtml(javax.servlet.http.HttpServletRequest,javax.servlet.http.HttpServletResponse)
2018-06-25 20:04:58.133 [main]    INFO  o.s.w.s.h.SimpleUrlHandlerMapping - Mapped URL path [/webjars/**] onto handler of type [class org.springframework.web.servlet.resource.ResourceHttpRequestHandler]
2018-06-25 20:04:58.133 [main]    INFO  o.s.w.s.h.SimpleUrlHandlerMapping - Mapped URL path [/**] onto handler of type [class org.springframework.web.servlet.resource.ResourceHttpRequestHandler]
2018-06-25 20:04:58.156 [main]    INFO  o.s.w.s.m.m.a.ExceptionHandlerExceptionResolver - Detected @ExceptionHandler methods in sellExceptionHandler
2018-06-25 20:04:58.187 [main]    INFO  o.s.w.s.h.SimpleUrlHandlerMapping - Mapped URL path [/**/favicon.ico] onto handler of type [class org.springframework.web.servlet.resource.ResourceHttpRequestHandler]
2018-06-25 20:04:58.966 [main]    INFO  o.s.w.s.v.f.FreeMarkerConfigurer - ClassTemplateLoader for Spring macros added to FreeMarker configuration
2018-06-25 20:04:59.138 [main]    INFO  o.s.w.s.s.s.ServerEndpointExporter - Registering @ServerEndpoint class: class com.yuhao.sell.service.WebSocket
2018-06-25 20:04:59.146 [main]    INFO  o.s.j.e.a.AnnotationMBeanExporter - Registering beans for JMX exposure on startup
2018-06-25 20:04:59.147 [main]    INFO  o.s.j.e.a.AnnotationMBeanExporter - Bean with name 'dataSource' has been autodetected for JMX exposure
2018-06-25 20:04:59.155 [main]    INFO  o.s.j.e.a.AnnotationMBeanExporter - Located MBean 'dataSource': registering with JMX server as MBean [com.zaxxer.hikari:name=dataSource,type=HikariDataSource]
2018-06-25 20:04:59.168 [main]    INFO  o.s.s.a.ScheduledAnnotationBeanPostProcessor - No TaskScheduler/ScheduledExecutorService bean found for scheduled processing
2018-06-25 20:04:59.178 [main]    INFO  o.a.coyote.http11.Http11NioProtocol - Starting ProtocolHandler ["http-nio-8080"]
2018-06-25 20:04:59.197 [main]    INFO  o.a.tomcat.util.net.NioSelectorPool - Using a shared selector for servlet write/read
2018-06-25 20:04:59.215 [main]    INFO  o.s.b.w.e.tomcat.TomcatWebServer - Tomcat started on port(s): 8080 (http) with context path '/sell'
2018-06-25 20:04:59.218 [main]    INFO  com.yuhao.sell.SellApplication - Started SellApplication in 7.141 seconds (JVM running for 8.452)
2018-06-25 20:06:37.543 [http-nio-8080-exec-2]    INFO  o.a.c.c.C.[.[localhost].[/sell] - Initializing Spring FrameworkServlet 'dispatcherServlet'
2018-06-25 20:06:37.543 [http-nio-8080-exec-2]    INFO  o.s.web.servlet.DispatcherServlet - FrameworkServlet 'dispatcherServlet': initialization started
2018-06-25 20:06:37.570 [http-nio-8080-exec-2]    INFO  o.s.web.servlet.DispatcherServlet - FrameworkServlet 'dispatcherServlet': initialization completed in 27 ms
